TN:
SF:src/components/ActivityModal.tsx
FN:46,(anonymous_0)
FN:52,(anonymous_1)
FN:68,(anonymous_2)
FN:90,(anonymous_3)
FN:107,(anonymous_4)
FN:138,(anonymous_5)
FN:157,(anonymous_6)
FN:158,(anonymous_7)
FN:164,(anonymous_8)
FN:181,(anonymous_9)
FN:202,(anonymous_10)
FN:215,(anonymous_11)
FN:221,(anonymous_12)
FN:239,(anonymous_13)
FN:272,(anonymous_14)
FN:379,(anonymous_15)
FNF:16
FNH:0
FNDA:0,(anonymous_0)
FNDA:0,(anonymous_1)
FNDA:0,(anonymous_2)
FNDA:0,(anonymous_3)
FNDA:0,(anonymous_4)
FNDA:0,(anonymous_5)
FNDA:0,(anonymous_6)
FNDA:0,(anonymous_7)
FNDA:0,(anonymous_8)
FNDA:0,(anonymous_9)
FNDA:0,(anonymous_10)
FNDA:0,(anonymous_11)
FNDA:0,(anonymous_12)
FNDA:0,(anonymous_13)
FNDA:0,(anonymous_14)
FNDA:0,(anonymous_15)
DA:25,0
DA:46,0
DA:48,0
DA:52,0
DA:54,0
DA:55,0
DA:59,0
DA:60,0
DA:64,0
DA:68,0
DA:69,0
DA:77,0
DA:79,0
DA:81,0
DA:83,0
DA:85,0
DA:90,0
DA:91,0
DA:93,0
DA:94,0
DA:96,0
DA:97,0
DA:99,0
DA:100,0
DA:102,0
DA:107,0
DA:124,0
DA:125,0
DA:126,0
DA:127,0
DA:130,0
DA:131,0
DA:134,0
DA:135,0
DA:136,0
DA:137,0
DA:138,0
DA:141,0
DA:142,0
DA:144,0
DA:146,0
DA:147,0
DA:148,0
DA:150,0
DA:151,0
DA:155,0
DA:157,0
DA:159,0
DA:161,0
DA:165,0
DA:167,0
DA:170,0
DA:181,0
DA:182,0
DA:183,0
DA:184,0
DA:187,0
DA:202,0
DA:204,0
DA:216,0
DA:221,0
DA:222,0
DA:225,0
DA:227,0
DA:229,0
DA:231,0
DA:236,0
DA:239,0
DA:240,0
DA:242,0
DA:245,0
DA:248,0
DA:251,0
DA:253,0
DA:267,0
DA:272,0
DA:273,0
DA:276,0
DA:380,0
DA:510,0
LF:80
LH:0
BRDA:54,0,0,0
BRDA:54,0,1,0
BRDA:59,1,0,0
BRDA:59,1,1,0
BRDA:77,2,0,0
BRDA:77,2,1,0
BRDA:77,2,2,0
BRDA:77,2,3,0
BRDA:93,3,0,0
BRDA:93,3,1,0
BRDA:99,4,0,0
BRDA:99,4,1,0
BRDA:100,5,0,0
BRDA:100,5,1,0
BRDA:116,6,0,0
BRDA:117,7,0,0
BRDA:119,8,0,0
BRDA:121,9,0,0
BRDA:122,10,0,0
BRDA:134,11,0,0
BRDA:134,11,1,0
BRDA:134,11,2,0
BRDA:135,12,0,0
BRDA:135,12,1,0
BRDA:135,12,2,0
BRDA:136,13,0,0
BRDA:136,13,1,0
BRDA:136,13,2,0
BRDA:137,14,0,0
BRDA:137,14,1,0
BRDA:138,15,0,0
BRDA:138,15,1,0
BRDA:144,16,0,0
BRDA:144,16,1,0
BRDA:144,17,0,0
BRDA:144,17,1,0
BRDA:144,17,2,0
BRDA:148,18,0,0
BRDA:148,18,1,0
BRDA:148,19,0,0
BRDA:148,19,1,0
BRDA:148,19,2,0
BRDA:159,20,0,0
BRDA:159,20,1,0
BRDA:165,21,0,0
BRDA:165,21,1,0
BRDA:182,22,0,0
BRDA:182,22,1,0
BRDA:222,23,0,0
BRDA:222,23,1,0
BRDA:222,23,2,0
BRDA:222,23,3,0
BRDA:222,23,4,0
BRDA:240,24,0,0
BRDA:240,24,1,0
BRDA:251,25,0,0
BRDA:251,25,1,0
BRDA:251,26,0,0
BRDA:251,26,1,0
BRDA:316,27,0,0
BRDA:316,27,1,0
BRDA:322,28,0,0
BRDA:322,28,1,0
BRDA:323,29,0,0
BRDA:323,29,1,0
BRDA:324,30,0,0
BRDA:324,30,1,0
BRDA:340,31,0,0
BRDA:340,31,1,0
BRDA:357,32,0,0
BRDA:357,32,1,0
BRDA:362,33,0,0
BRDA:362,33,1,0
BRDA:362,33,2,0
BRDA:371,34,0,0
BRDA:371,34,1,0
BRDA:374,35,0,0
BRDA:374,35,1,0
BRDA:380,36,0,0
BRDA:380,36,1,0
BRDA:380,37,0,0
BRDA:380,37,1,0
BRDA:388,38,0,0
BRDA:388,38,1,0
BRDA:415,39,0,0
BRDA:415,39,1,0
BRDA:425,40,0,0
BRDA:425,40,1,0
BRDA:440,41,0,0
BRDA:440,41,1,0
BRDA:444,42,0,0
BRDA:444,42,1,0
BRDA:450,43,0,0
BRDA:450,43,1,0
BRF:94
BRH:0
end_of_record
TN:
SF:src/components/BackButton.tsx
FN:10,(anonymous_0)
FNF:1
FNH:0
FNDA:0,(anonymous_0)
DA:10,0
DA:11,0
DA:34,0
LF:3
LH:0
BRDA:29,0,0,0
BRDA:29,0,1,0
BRF:2
BRH:0
end_of_record
TN:
SF:src/components/ChatFooter.tsx
FN:9,(anonymous_0)
FN:12,(anonymous_1)
FNF:2
FNH:0
FNDA:0,(anonymous_0)
FNDA:0,(anonymous_1)
DA:9,0
DA:10,0
DA:12,0
DA:13,0
DA:14,0
DA:15,0
DA:16,0
DA:20,0
DA:58,0
LF:9
LH:0
BRDA:13,0,0,0
BRDA:13,0,1,0
BRDA:43,1,0,0
BRDA:43,1,1,0
BRDA:50,2,0,0
BRDA:50,2,1,0
BRF:6
BRH:0
end_of_record
TN:
SF:src/components/ChatHeader.tsx
FN:21,(anonymous_0)
FN:34,(anonymous_1)
FN:44,(anonymous_2)
FNF:3
FNH:0
FNDA:0,(anonymous_0)
FNDA:0,(anonymous_1)
FNDA:0,(anonymous_2)
DA:21,0
DA:31,0
DA:34,0
DA:35,0
DA:36,0
DA:37,0
DA:38,0
DA:39,0
DA:40,0
DA:44,0
DA:45,0
DA:46,0
DA:47,0
DA:48,0
DA:49,0
DA:50,0
DA:54,0
DA:137,0
LF:18
LH:0
BRDA:25,0,0,0
BRDA:35,1,0,0
BRDA:35,1,1,0
BRDA:35,1,2,0
BRDA:35,1,3,0
BRDA:35,1,4,0
BRDA:45,2,0,0
BRDA:45,2,1,0
BRDA:45,2,2,0
BRDA:45,2,3,0
BRDA:45,2,4,0
BRDA:59,3,0,0
BRDA:59,3,1,0
BRDA:97,4,0,0
BRDA:97,4,1,0
BRDA:104,5,0,0
BRDA:104,5,1,0
BRDA:106,6,0,0
BRDA:106,6,1,0
BRF:19
BRH:0
end_of_record
TN:
SF:src/components/ChatInputBar.tsx
FN:28,(anonymous_0)
FN:43,(anonymous_1)
FN:51,(anonymous_2)
FN:58,(anonymous_3)
FN:62,(anonymous_4)
FN:81,(anonymous_5)
FN:108,(anonymous_6)
FNF:7
FNH:0
FNDA:0,(anonymous_0)
FNDA:0,(anonymous_1)
FNDA:0,(anonymous_2)
FNDA:0,(anonymous_3)
FNDA:0,(anonymous_4)
FNDA:0,(anonymous_5)
FNDA:0,(anonymous_6)
DA:28,0
DA:37,0
DA:38,0
DA:39,0
DA:40,0
DA:43,0
DA:44,0
DA:51,0
DA:52,0
DA:54,0
DA:55,0
DA:58,0
DA:59,0
DA:62,0
DA:63,0
DA:67,0
DA:70,0
DA:75,0
DA:81,0
DA:82,0
DA:84,0
DA:108,0
DA:109,0
DA:111,0
DA:123,0
DA:190,0
LF:26
LH:0
BRDA:34,0,0,0
BRDA:35,1,0,0
BRDA:45,2,0,0
BRDA:45,2,1,0
BRDA:52,3,0,0
BRDA:52,3,1,0
BRDA:67,4,0,0
BRDA:67,4,1,0
BRDA:82,5,0,0
BRDA:82,5,1,0
BRDA:109,6,0,0
BRDA:109,6,1,0
BRDA:125,7,0,0
BRDA:125,7,1,0
BRDA:126,8,0,0
BRDA:126,8,1,0
BRDA:194,9,0,0
BRDA:194,9,1,0
BRDA:218,10,0,0
BRDA:218,10,1,0
BRF:20
BRH:0
end_of_record
TN:
SF:src/components/CommonHeader.tsx
FN:19,(anonymous_0)
FN:35,(anonymous_1)
FN:51,(anonymous_2)
FNF:3
FNH:0
FNDA:0,(anonymous_0)
FNDA:0,(anonymous_1)
FNDA:0,(anonymous_2)
DA:19,0
DA:20,0
DA:22,0
DA:24,0
DA:26,0
DA:28,0
DA:35,0
DA:36,0
DA:52,0
DA:65,0
LF:10
LH:0
BRDA:19,0,0,0
BRDA:20,1,0,0
BRDA:20,1,1,0
BRDA:20,1,2,0
BRDA:20,1,3,0
BRDA:35,2,0,0
BRDA:39,3,0,0
BRDA:39,3,1,0
BRF:8
BRH:0
end_of_record
TN:
SF:src/components/CustomModal.tsx
FN:41,(anonymous_0)
FN:51,(anonymous_1)
FN:52,(anonymous_2)
FN:55,(anonymous_3)
FN:71,(anonymous_4)
FN:110,(anonymous_5)
FN:119,(anonymous_6)
FN:138,(anonymous_7)
FNF:8
FNH:0
FNDA:0,(anonymous_0)
FNDA:0,(anonymous_1)
FNDA:0,(anonymous_2)
FNDA:0,(anonymous_3)
FNDA:0,(anonymous_4)
FNDA:0,(anonymous_5)
FNDA:0,(anonymous_6)
FNDA:0,(anonymous_7)
DA:16,0
DA:41,0
DA:51,0
DA:52,0
DA:55,0
DA:56,0
DA:60,0
DA:71,0
DA:111,0
DA:120,0
DA:121,0
DA:139,0
DA:140,0
DA:162,0
LF:14
LH:0
BRDA:51,0,0,0
BRDA:51,0,1,0
BRDA:56,1,0,0
BRDA:56,1,1,0
BRDA:57,2,0,0
BRDA:57,2,1,0
BRDA:74,3,0,0
BRDA:74,3,1,0
BRDA:77,4,0,0
BRDA:77,4,1,0
BRDA:79,5,0,0
BRDA:79,5,1,0
BRDA:88,6,0,0
BRDA:88,6,1,0
BRDA:117,7,0,0
BRDA:117,7,1,0
BRDA:129,8,0,0
BRDA:129,8,1,0
BRDA:134,9,0,0
BRDA:134,9,1,0
BRDA:136,10,0,0
BRDA:136,10,1,0
BRDA:146,11,0,0
BRDA:146,11,1,0
BRF:24
BRH:0
end_of_record
TN:
SF:src/components/CustomTabBar.tsx
FN:15,(anonymous_0)
FN:34,(anonymous_1)
FN:36,(anonymous_2)
FN:37,(anonymous_3)
FN:37,(anonymous_4)
FN:55,(anonymous_5)
FN:55,(anonymous_6)
FN:117,(anonymous_7)
FN:128,(anonymous_8)
FNF:9
FNH:0
FNDA:0,(anonymous_0)
FNDA:0,(anonymous_1)
FNDA:0,(anonymous_2)
FNDA:0,(anonymous_3)
FNDA:0,(anonymous_4)
FNDA:0,(anonymous_5)
FNDA:0,(anonymous_6)
FNDA:0,(anonymous_7)
FNDA:0,(anonymous_8)
DA:15,0
DA:23,0
DA:25,0
DA:28,0
DA:31,0
DA:34,0
DA:35,0
DA:36,0
DA:37,0
DA:38,0
DA:42,0
DA:43,0
DA:44,0
DA:47,0
DA:50,0
DA:51,0
DA:55,0
DA:56,0
DA:57,0
DA:60,0
DA:61,0
DA:62,0
DA:65,0
DA:67,0
DA:73,0
DA:84,0
DA:110,0
DA:114,0
DA:118,0
DA:119,0
DA:121,0
DA:122,0
DA:123,0
DA:125,0
DA:126,0
DA:128,0
DA:129,0
DA:135,0
DA:136,0
DA:140,0
DA:168,0
LF:41
LH:0
BRDA:21,0,0,0
BRDA:50,1,0,0
BRDA:50,1,1,0
BRDA:50,2,0,0
BRDA:50,2,1,0
BRDA:56,3,0,0
BRDA:56,3,1,0
BRDA:61,4,0,0
BRDA:61,4,1,0
BRDA:62,5,0,0
BRDA:62,5,1,0
BRDA:65,6,0,0
BRDA:65,6,1,0
BRDA:65,6,2,0
BRDA:65,6,3,0
BRDA:68,7,0,0
BRDA:68,7,1,0
BRDA:74,8,0,0
BRDA:74,8,1,0
BRDA:76,9,0,0
BRDA:76,9,1,0
BRDA:85,10,0,0
BRDA:85,10,1,0
BRDA:86,11,0,0
BRDA:86,11,1,0
BRDA:102,12,0,0
BRDA:102,12,1,0
BRDA:122,13,0,0
BRDA:122,13,1,0
BRDA:123,14,0,0
BRDA:123,14,1,0
BRDA:126,15,0,0
BRDA:126,15,1,0
BRDA:135,16,0,0
BRDA:135,16,1,0
BRDA:135,17,0,0
BRDA:135,17,1,0
BRDA:144,18,0,0
BRDA:144,18,1,0
BRDA:155,19,0,0
BRDA:155,19,1,0
BRF:41
BRH:0
end_of_record
TN:
SF:src/components/ErrorBoundary.tsx
FN:38,(anonymous_0)
FN:50,(anonymous_1)
FN:55,(anonymous_2)
FN:73,(anonymous_3)
FN:92,(anonymous_4)
FN:109,(anonymous_5)
FN:125,(anonymous_6)
FN:144,(anonymous_7)
FN:168,(anonymous_8)
FN:172,(anonymous_9)
FN:195,(anonymous_10)
FNF:11
FNH:0
FNDA:0,(anonymous_0)
FNDA:0,(anonymous_1)
FNDA:0,(anonymous_2)
FNDA:0,(anonymous_3)
FNDA:0,(anonymous_4)
FNDA:0,(anonymous_5)
FNDA:0,(anonymous_6)
FNDA:0,(anonymous_7)
FNDA:0,(anonymous_8)
FNDA:0,(anonymous_9)
FNDA:0,(anonymous_10)
DA:35,0
DA:36,0
DA:39,0
DA:40,0
DA:47,0
DA:52,0
DA:57,0
DA:60,0
DA:63,0
DA:64,0
DA:73,0
DA:75,0
DA:76,0
DA:80,0
DA:81,0
DA:85,0
DA:86,0
DA:87,0
DA:92,0
DA:93,0
DA:96,0
DA:97,0
DA:101,0
DA:109,0
DA:110,0
DA:113,0
DA:114,0
DA:118,0
DA:127,0
DA:128,0
DA:129,0
DA:131,0
DA:135,0
DA:136,0
DA:137,0
DA:139,0
DA:144,0
DA:145,0
DA:147,0
DA:148,0
DA:152,0
DA:153,0
DA:156,0
DA:159,0
DA:160,0
DA:168,0
DA:169,0
DA:171,0
DA:172,0
DA:176,0
DA:177,0
DA:179,0
DA:183,0
DA:189,0
DA:191,0
DA:196,0
DA:197,0
DA:199,0
DA:201,0
DA:202,0
DA:206,0
DA:251,0
DA:255,0
LF:63
LH:0
BRDA:63,0,0,0
BRDA:63,0,1,0
BRDA:75,1,0,0
BRDA:75,1,1,0
BRDA:75,2,0,0
BRDA:75,2,1,0
BRDA:80,3,0,0
BRDA:80,3,1,0
BRDA:80,4,0,0
BRDA:80,4,1,0
BRDA:85,5,0,0
BRDA:85,5,1,0
BRDA:96,6,0,0
BRDA:96,6,1,0
BRDA:103,7,0,0
BRDA:103,7,1,0
BRDA:113,8,0,0
BRDA:113,8,1,0
BRDA:127,9,0,0
BRDA:127,9,1,0
BRDA:127,10,0,0
BRDA:127,10,1,0
BRDA:127,10,2,0
BRDA:135,11,0,0
BRDA:135,11,1,0
BRDA:135,12,0,0
BRDA:135,12,1,0
BRDA:147,13,0,0
BRDA:147,13,1,0
BRDA:171,14,0,0
BRDA:171,14,1,0
BRDA:176,15,0,0
BRDA:176,15,1,0
BRDA:199,16,0,0
BRDA:199,16,1,0
BRDA:201,17,0,0
BRDA:201,17,1,0
BRDA:219,18,0,0
BRDA:219,18,1,0
BRDA:219,18,2,0
BRDA:219,18,3,0
BRDA:305,19,0,0
BRDA:305,19,1,0
BRF:43
BRH:0
end_of_record
TN:
SF:src/components/ErrorHandling.tsx
FN:29,(anonymous_0)
FN:58,(anonymous_1)
FN:68,(anonymous_2)
FN:84,(anonymous_3)
FN:87,(anonymous_4)
FN:102,(anonymous_5)
FN:118,(anonymous_6)
FN:123,(anonymous_7)
FN:127,(anonymous_8)
FN:131,(anonymous_9)
FN:140,(anonymous_10)
FN:150,(anonymous_11)
FN:154,(anonymous_12)
FN:159,(anonymous_13)
FN:163,(anonymous_14)
FN:168,(anonymous_15)
FN:172,(anonymous_16)
FNF:17
FNH:0
FNDA:0,(anonymous_0)
FNDA:0,(anonymous_1)
FNDA:0,(anonymous_2)
FNDA:0,(anonymous_3)
FNDA:0,(anonymous_4)
FNDA:0,(anonymous_5)
FNDA:0,(anonymous_6)
FNDA:0,(anonymous_7)
FNDA:0,(anonymous_8)
FNDA:0,(anonymous_9)
FNDA:0,(anonymous_10)
FNDA:0,(anonymous_11)
FNDA:0,(anonymous_12)
FNDA:0,(anonymous_13)
FNDA:0,(anonymous_14)
FNDA:0,(anonymous_15)
FNDA:0,(anonymous_16)
DA:29,0
DA:30,0
DA:32,0
DA:58,0
DA:59,0
DA:68,0
DA:69,0
DA:84,0
DA:85,0
DA:88,0
DA:102,0
DA:103,0
DA:105,0
DA:119,0
DA:120,0
DA:124,0
DA:128,0
DA:132,0
DA:133,0
DA:134,0
DA:137,0
DA:140,0
DA:145,0
DA:150,0
DA:151,0
DA:152,0
DA:154,0
DA:155,0
DA:156,0
DA:159,0
DA:160,0
DA:163,0
DA:164,0
DA:165,0
DA:168,0
DA:169,0
DA:172,0
DA:176,0
DA:177,0
DA:178,0
DA:179,0
DA:180,0
DA:182,0
DA:183,0
DA:187,0
DA:198,0
LF:46
LH:0
BRDA:30,0,0,0
BRDA:30,0,1,0
BRDA:39,1,0,0
BRDA:39,1,1,0
BRDA:46,2,0,0
BRDA:46,2,1,0
BRDA:58,3,0,0
BRDA:74,4,0,0
BRDA:74,4,1,0
BRDA:74,4,2,0
BRDA:93,5,0,0
BRDA:93,5,1,0
BRDA:103,6,0,0
BRDA:103,6,1,0
BRDA:132,7,0,0
BRDA:132,7,1,0
BRDA:133,8,0,0
BRDA:133,8,1,0
BRDA:174,9,0,0
BRDA:182,10,0,0
BRDA:182,10,1,0
BRF:21
BRH:0
end_of_record
TN:
SF:src/components/FirebaseConnectionTest.tsx
FN:14,(anonymous_0)
FN:19,(anonymous_1)
FN:20,(anonymous_2)
FN:20,(anonymous_3)
FN:25,(anonymous_4)
FN:41,(anonymous_5)
FN:59,(anonymous_6)
FN:66,(anonymous_7)
FN:88,(anonymous_8)
FN:96,(anonymous_9)
FN:119,(anonymous_10)
FNF:11
FNH:0
FNDA:0,(anonymous_0)
FNDA:0,(anonymous_1)
FNDA:0,(anonymous_2)
FNDA:0,(anonymous_3)
FNDA:0,(anonymous_4)
FNDA:0,(anonymous_5)
FNDA:0,(anonymous_6)
FNDA:0,(anonymous_7)
FNDA:0,(anonymous_8)
FNDA:0,(anonymous_9)
FNDA:0,(anonymous_10)
DA:14,0
DA:15,0
DA:16,0
DA:17,0
DA:19,0
DA:20,0
DA:21,0
DA:25,0
DA:26,0
DA:29,0
DA:36,0
DA:39,0
DA:41,0
DA:42,0
DA:44,0
DA:48,0
DA:49,0
DA:50,0
DA:52,0
DA:53,0
DA:57,0
DA:58,0
DA:59,0
DA:60,0
DA:61,0
DA:62,0
DA:66,0
DA:67,0
DA:68,0
DA:69,0
DA:73,0
DA:74,0
DA:78,0
DA:79,0
DA:80,0
DA:82,0
DA:85,0
DA:88,0
DA:89,0
DA:90,0
DA:91,0
DA:92,0
DA:96,0
DA:97,0
DA:98,0
DA:99,0
DA:100,0
DA:104,0
DA:120,0
DA:142,0
LF:50
LH:0
BRDA:21,0,0,0
BRDA:21,0,1,0
BRDA:67,1,0,0
BRDA:67,1,1,0
BRDA:79,2,0,0
BRDA:79,2,1,0
BRDA:79,3,0,0
BRDA:79,3,1,0
BRDA:89,4,0,0
BRDA:89,4,1,0
BRDA:89,4,2,0
BRDA:97,5,0,0
BRDA:97,5,1,0
BRDA:97,5,2,0
BRDA:109,6,0,0
BRDA:109,6,1,0
BRDA:114,7,0,0
BRDA:114,7,1,0
BRDA:136,8,0,0
BRDA:136,8,1,0
BRDA:136,9,0,0
BRDA:136,9,1,0
BRF:22
BRH:0
end_of_record
TN:
SF:src/components/FirebaseDiagnostics.tsx
FN:8,(anonymous_0)
FN:14,(anonymous_1)
FN:18,(anonymous_2)
FN:31,(anonymous_3)
FN:36,(anonymous_4)
FN:45,(anonymous_5)
FN:54,(anonymous_6)
FN:78,(anonymous_7)
FN:117,(anonymous_8)
FNF:9
FNH:0
FNDA:0,(anonymous_0)
FNDA:0,(anonymous_1)
FNDA:0,(anonymous_2)
FNDA:0,(anonymous_3)
FNDA:0,(anonymous_4)
FNDA:0,(anonymous_5)
FNDA:0,(anonymous_6)
FNDA:0,(anonymous_7)
FNDA:0,(anonymous_8)
DA:8,0
DA:9,0
DA:10,0
DA:11,0
DA:12,0
DA:14,0
DA:15,0
DA:18,0
DA:19,0
DA:20,0
DA:21,0
DA:22,0
DA:24,0
DA:26,0
DA:27,0
DA:31,0
DA:32,0
DA:33,0
DA:36,0
DA:37,0
DA:38,0
DA:39,0
DA:40,0
DA:41,0
DA:45,0
DA:46,0
DA:47,0
DA:48,0
DA:49,0
DA:50,0
DA:54,0
DA:55,0
DA:78,0
DA:79,0
DA:81,0
DA:117,0
DA:118,0
DA:145,0
DA:226,0
LF:39
LH:0
BRDA:37,0,0,0
BRDA:37,0,1,0
BRDA:37,0,2,0
BRDA:37,0,3,0
BRDA:46,1,0,0
BRDA:46,1,1,0
BRDA:46,1,2,0
BRDA:46,1,3,0
BRDA:63,2,0,0
BRDA:63,2,1,0
BRDA:70,3,0,0
BRDA:70,3,1,0
BRDA:72,4,0,0
BRDA:72,4,1,0
BRDA:86,5,0,0
BRDA:86,5,1,0
BRDA:89,6,0,0
BRDA:89,6,1,0
BRDA:91,7,0,0
BRDA:91,7,1,0
BRDA:100,8,0,0
BRDA:100,8,1,0
BRDA:101,9,0,0
BRDA:101,9,1,0
BRDA:103,10,0,0
BRDA:103,10,1,0
BRDA:104,11,0,0
BRDA:104,11,1,0
BRDA:106,12,0,0
BRDA:106,12,1,0
BRDA:107,13,0,0
BRDA:107,13,1,0
BRDA:109,14,0,0
BRDA:109,14,1,0
BRDA:110,15,0,0
BRDA:110,15,1,0
BRDA:122,16,0,0
BRDA:122,16,1,0
BRDA:122,17,0,0
BRDA:122,17,1,0
BRDA:124,18,0,0
BRDA:124,18,1,0
BRDA:129,19,0,0
BRDA:129,19,1,0
BRDA:134,20,0,0
BRDA:134,20,1,0
BRDA:150,21,0,0
BRDA:150,21,1,0
BRDA:155,22,0,0
BRDA:155,22,1,0
BRDA:160,23,0,0
BRDA:160,23,1,0
BRDA:174,24,0,0
BRDA:174,24,1,0
BRF:54
BRH:0
end_of_record
TN:
SF:src/components/FirebaseTest.tsx
FN:6,(anonymous_0)
FN:10,(anonymous_1)
FN:12,(anonymous_2)
FN:20,(anonymous_3)
FN:24,(anonymous_4)
FNF:5
FNH:0
FNDA:0,(anonymous_0)
FNDA:0,(anonymous_1)
FNDA:0,(anonymous_2)
FNDA:0,(anonymous_3)
FNDA:0,(anonymous_4)
DA:6,0
DA:7,0
DA:8,0
DA:10,0
DA:12,0
DA:13,0
DA:14,0
DA:15,0
DA:17,0
DA:18,0
DA:21,0
DA:24,0
DA:27,0
DA:39,0
LF:14
LH:0
BRDA:13,0,0,0
BRDA:13,0,1,0
BRDA:30,1,0,0
BRDA:30,1,1,0
BRDA:32,2,0,0
BRDA:32,2,1,0
BRDA:32,2,2,0
BRF:7
BRH:0
end_of_record
TN:
SF:src/components/FuelIcon.tsx
FN:12,(anonymous_0)
FNF:1
FNH:0
FNDA:0,(anonymous_0)
DA:12,0
DA:19,0
LF:2
LH:0
BRDA:13,0,0,0
BRDA:14,1,0,0
BRDA:15,2,0,0
BRDA:16,3,0,0
BRDA:17,4,0,0
BRF:5
BRH:0
end_of_record
TN:
SF:src/components/GlobalChatTest.tsx
FN:13,(anonymous_0)
FN:18,(anonymous_1)
FN:19,(anonymous_2)
FN:19,(anonymous_3)
FN:24,(anonymous_4)
FN:53,(anonymous_5)
FN:60,(anonymous_6)
FN:105,(anonymous_7)
FN:113,(anonymous_8)
FN:136,(anonymous_9)
FNF:10
FNH:0
FNDA:0,(anonymous_0)
FNDA:0,(anonymous_1)
FNDA:0,(anonymous_2)
FNDA:0,(anonymous_3)
FNDA:0,(anonymous_4)
FNDA:0,(anonymous_5)
FNDA:0,(anonymous_6)
FNDA:0,(anonymous_7)
FNDA:0,(anonymous_8)
FNDA:0,(anonymous_9)
DA:13,0
DA:14,0
DA:15,0
DA:16,0
DA:18,0
DA:19,0
DA:20,0
DA:24,0
DA:25,0
DA:28,0
DA:35,0
DA:38,0
DA:39,0
DA:40,0
DA:42,0
DA:43,0
DA:47,0
DA:49,0
DA:50,0
DA:52,0
DA:53,0
DA:54,0
DA:55,0
DA:56,0
DA:60,0
DA:61,0
DA:62,0
DA:63,0
DA:68,0
DA:69,0
DA:73,0
DA:74,0
DA:75,0
DA:77,0
DA:85,0
DA:86,0
DA:89,0
DA:90,0
DA:94,0
DA:95,0
DA:96,0
DA:97,0
DA:99,0
DA:102,0
DA:105,0
DA:106,0
DA:107,0
DA:108,0
DA:109,0
DA:113,0
DA:114,0
DA:115,0
DA:116,0
DA:117,0
DA:121,0
DA:137,0
DA:160,0
LF:57
LH:0
BRDA:20,0,0,0
BRDA:20,0,1,0
BRDA:49,1,0,0
BRDA:49,1,1,0
BRDA:49,2,0,0
BRDA:49,2,1,0
BRDA:61,3,0,0
BRDA:61,3,1,0
BRDA:74,4,0,0
BRDA:74,4,1,0
BRDA:74,5,0,0
BRDA:74,5,1,0
BRDA:79,6,0,0
BRDA:79,6,1,0
BRDA:80,7,0,0
BRDA:80,7,1,0
BRDA:95,8,0,0
BRDA:95,8,1,0
BRDA:95,9,0,0
BRDA:95,9,1,0
BRDA:96,10,0,0
BRDA:96,10,1,0
BRDA:96,11,0,0
BRDA:96,11,1,0
BRDA:106,12,0,0
BRDA:106,12,1,0
BRDA:106,12,2,0
BRDA:114,13,0,0
BRDA:114,13,1,0
BRDA:114,13,2,0
BRDA:126,14,0,0
BRDA:126,14,1,0
BRDA:131,15,0,0
BRDA:131,15,1,0
BRDA:153,16,0,0
BRDA:153,16,1,0
BRDA:153,17,0,0
BRDA:153,17,1,0
BRF:38
BRH:0
end_of_record
TN:
SF:src/components/GlobalChatValidationTest.tsx
FN:14,(anonymous_0)
FN:19,(anonymous_1)
FN:20,(anonymous_2)
FN:20,(anonymous_3)
FN:25,(anonymous_4)
FN:207,(anonymous_5)
FN:215,(anonymous_6)
FN:238,(anonymous_7)
FNF:8
FNH:0
FNDA:0,(anonymous_0)
FNDA:0,(anonymous_1)
FNDA:0,(anonymous_2)
FNDA:0,(anonymous_3)
FNDA:0,(anonymous_4)
FNDA:0,(anonymous_5)
FNDA:0,(anonymous_6)
FNDA:0,(anonymous_7)
DA:14,0
DA:15,0
DA:16,0
DA:17,0
DA:19,0
DA:20,0
DA:21,0
DA:25,0
DA:26,0
DA:28,0
DA:39,0
DA:42,0
DA:43,0
DA:51,0
DA:52,0
DA:53,0
DA:55,0
DA:58,0
DA:62,0
DA:63,0
DA:70,0
DA:71,0
DA:72,0
DA:74,0
DA:77,0
DA:81,0
DA:82,0
DA:83,0
DA:85,0
DA:86,0
DA:88,0
DA:89,0
DA:91,0
DA:94,0
DA:98,0
DA:99,0
DA:100,0
DA:101,0
DA:103,0
DA:104,0
DA:105,0
DA:107,0
DA:108,0
DA:110,0
DA:113,0
DA:117,0
DA:118,0
DA:119,0
DA:120,0
DA:122,0
DA:123,0
DA:124,0
DA:126,0
DA:127,0
DA:129,0
DA:132,0
DA:136,0
DA:137,0
DA:138,0
DA:140,0
DA:148,0
DA:149,0
DA:150,0
DA:151,0
DA:153,0
DA:157,0
DA:161,0
DA:162,0
DA:163,0
DA:165,0
DA:172,0
DA:173,0
DA:174,0
DA:176,0
DA:177,0
DA:179,0
DA:184,0
DA:188,0
DA:189,0
DA:190,0
DA:192,0
DA:193,0
DA:195,0
DA:196,0
DA:198,0
DA:201,0
DA:204,0
DA:207,0
DA:208,0
DA:209,0
DA:210,0
DA:211,0
DA:215,0
DA:216,0
DA:217,0
DA:218,0
DA:219,0
DA:223,0
DA:239,0
DA:262,0
LF:100
LH:0
BRDA:21,0,0,0
BRDA:21,0,1,0
BRDA:52,1,0,0
BRDA:52,1,1,0
BRDA:52,2,0,0
BRDA:52,2,1,0
BRDA:71,3,0,0
BRDA:71,3,1,0
BRDA:71,4,0,0
BRDA:71,4,1,0
BRDA:88,5,0,0
BRDA:88,5,1,0
BRDA:88,6,0,0
BRDA:88,6,1,0
BRDA:107,7,0,0
BRDA:107,7,1,0
BRDA:107,8,0,0
BRDA:107,8,1,0
BRDA:107,8,2,0
BRDA:126,9,0,0
BRDA:126,9,1,0
BRDA:126,10,0,0
BRDA:126,10,1,0
BRDA:126,10,2,0
BRDA:137,11,0,0
BRDA:137,11,1,0
BRDA:137,12,0,0
BRDA:137,12,1,0
BRDA:149,13,0,0
BRDA:149,13,1,0
BRDA:162,14,0,0
BRDA:162,14,1,0
BRDA:162,15,0,0
BRDA:162,15,1,0
BRDA:176,16,0,0
BRDA:176,16,1,0
BRDA:195,17,0,0
BRDA:195,17,1,0
BRDA:195,18,0,0
BRDA:195,18,1,0
BRDA:208,19,0,0
BRDA:208,19,1,0
BRDA:208,19,2,0
BRDA:216,20,0,0
BRDA:216,20,1,0
BRDA:216,20,2,0
BRDA:228,21,0,0
BRDA:228,21,1,0
BRDA:233,22,0,0
BRDA:233,22,1,0
BRDA:255,23,0,0
BRDA:255,23,1,0
BRDA:255,24,0,0
BRDA:255,24,1,0
BRF:54
BRH:0
end_of_record
TN:
SF:src/components/GoldBalanceDisplay.tsx
FN:19,(anonymous_0)
FN:33,(anonymous_1)
FN:49,(anonymous_2)
FN:61,(anonymous_3)
FN:66,(anonymous_4)
FNF:5
FNH:0
FNDA:0,(anonymous_0)
FNDA:0,(anonymous_1)
FNDA:0,(anonymous_2)
FNDA:0,(anonymous_3)
FNDA:0,(anonymous_4)
DA:19,0
DA:24,0
DA:25,0
DA:26,0
DA:27,0
DA:28,0
DA:31,0
DA:33,0
DA:34,0
DA:35,0
DA:49,0
DA:50,0
DA:62,0
DA:66,0
DA:67,0
DA:68,0
DA:69,0
DA:70,0
DA:74,0
DA:173,0
LF:20
LH:0
BRDA:20,0,0,0
BRDA:21,1,0,0
BRDA:68,2,0,0
BRDA:68,2,1,0
BRDA:68,3,0,0
BRDA:68,3,1,0
BRDA:68,3,2,0
BRDA:68,3,3,0
BRDA:81,4,0,0
BRDA:81,4,1,0
BRDA:118,5,0,0
BRDA:118,5,1,0
BRDA:129,6,0,0
BRDA:129,6,1,0
BRDA:150,7,0,0
BRDA:150,7,1,0
BRDA:150,8,0,0
BRDA:150,8,1,0
BRDA:157,9,0,0
BRDA:157,9,1,0
BRDA:157,9,2,0
BRF:21
BRH:0
end_of_record
TN:
SF:src/components/GuestModeIndicator.tsx
FN:12,(anonymous_0)
FN:21,(anonymous_1)
FNF:2
FNH:0
FNDA:0,(anonymous_0)
FNDA:0,(anonymous_1)
DA:12,0
DA:16,0
DA:17,0
DA:19,0
DA:21,0
DA:22,0
DA:23,0
DA:25,0
DA:29,0
DA:45,0
LF:10
LH:0
BRDA:13,0,0,0
BRDA:19,1,0,0
BRDA:19,1,1,0
BRDA:22,2,0,0
BRDA:22,2,1,0
BRDA:36,3,0,0
BRDA:36,3,1,0
BRF:7
BRH:0
end_of_record
TN:
SF:src/components/HomeIcon.tsx
FN:11,(anonymous_0)
FNF:1
FNH:0
FNDA:0,(anonymous_0)
DA:11,0
DA:12,0
DA:41,0
LF:3
LH:0
BRDA:11,0,0,0
BRDA:11,1,0,0
BRDA:18,2,0,0
BRDA:18,2,1,0
BRDA:25,3,0,0
BRDA:25,3,1,0
BRDA:32,4,0,0
BRDA:32,4,1,0
BRF:8
BRH:0
end_of_record
TN:
SF:src/components/LiveStreamGrid.tsx
FN:29,(anonymous_0)
FN:39,(anonymous_1)
FN:48,(anonymous_2)
FN:65,(anonymous_3)
FN:76,(anonymous_4)
FN:77,(anonymous_5)
FN:85,(anonymous_6)
FN:93,(anonymous_7)
FN:104,(anonymous_8)
FN:124,(anonymous_9)
FN:141,(anonymous_10)
FN:157,(anonymous_11)
FN:177,(anonymous_12)
FN:190,(anonymous_13)
FN:269,(anonymous_14)
FN:280,(anonymous_15)
FN:289,(anonymous_16)
FN:294,(anonymous_17)
FN:302,(anonymous_18)
FN:328,(anonymous_19)
FN:329,(anonymous_20)
FN:341,(anonymous_21)
FN:344,(anonymous_22)
FN:359,(anonymous_23)
FN:379,(anonymous_24)
FN:425,(anonymous_25)
FN:454,(anonymous_26)
FN:462,(anonymous_27)
FN:852,(anonymous_28)
FN:854,(anonymous_29)
FNF:30
FNH:0
FNDA:0,(anonymous_0)
FNDA:0,(anonymous_1)
FNDA:0,(anonymous_2)
FNDA:0,(anonymous_3)
FNDA:0,(anonymous_4)
FNDA:0,(anonymous_5)
FNDA:0,(anonymous_6)
FNDA:0,(anonymous_7)
FNDA:0,(anonymous_8)
FNDA:0,(anonymous_9)
FNDA:0,(anonymous_10)
FNDA:0,(anonymous_11)
FNDA:0,(anonymous_12)
FNDA:0,(anonymous_13)
FNDA:0,(anonymous_14)
FNDA:0,(anonymous_15)
FNDA:0,(anonymous_16)
FNDA:0,(anonymous_17)
FNDA:0,(anonymous_18)
FNDA:0,(anonymous_19)
FNDA:0,(anonymous_20)
FNDA:0,(anonymous_21)
FNDA:0,(anonymous_22)
FNDA:0,(anonymous_23)
FNDA:0,(anonymous_24)
FNDA:0,(anonymous_25)
FNDA:0,(anonymous_26)
FNDA:0,(anonymous_27)
FNDA:0,(anonymous_28)
FNDA:0,(anonymous_29)
DA:12,0
DA:15,0
DA:16,0
DA:18,0
DA:20,0
DA:21,0
DA:22,0
DA:24,0
DA:27,0
DA:39,0
DA:40,0
DA:41,0
DA:42,0
DA:45,0
DA:48,0
DA:49,0
DA:51,0
DA:54,0
DA:61,0
DA:65,0
DA:66,0
DA:67,0
DA:68,0
DA:70,0
DA:72,0
DA:76,0
DA:77,0
DA:78,0
DA:79,0
DA:85,0
DA:86,0
DA:87,0
DA:88,0
DA:89,0
DA:93,0
DA:94,0
DA:95,0
DA:96,0
DA:97,0
DA:101,0
DA:104,0
DA:105,0
DA:108,0
DA:109,0
DA:121,0
DA:122,0
DA:125,0
DA:138,0
DA:139,0
DA:142,0
DA:155,0
DA:158,0
DA:177,0
DA:178,0
DA:179,0
DA:181,0
DA:184,0
DA:190,0
DA:269,0
DA:270,0
DA:280,0
DA:281,0
DA:282,0
DA:283,0
DA:286,0
DA:289,0
DA:290,0
DA:294,0
DA:296,0
DA:297,0
DA:302,0
DA:305,0
DA:309,0
DA:310,0
DA:311,0
DA:318,0
DA:320,0
DA:321,0
DA:327,0
DA:328,0
DA:331,0
DA:332,0
DA:334,0
DA:335,0
DA:339,0
DA:341,0
DA:344,0
DA:345,0
DA:346,0
DA:349,0
DA:351,0
DA:352,0
DA:360,0
DA:361,0
DA:366,0
DA:370,0
DA:371,0
DA:372,0
DA:380,0
DA:381,0
DA:386,0
DA:389,0
DA:390,0
DA:397,0
DA:398,0
DA:402,0
DA:403,0
DA:404,0
DA:407,0
DA:410,0
DA:412,0
DA:413,0
DA:416,0
DA:425,0
DA:426,0
DA:454,0
DA:455,0
DA:457,0
DA:458,0
DA:460,0
DA:463,0
DA:484,0
DA:487,0
DA:519,0
DA:852,0
DA:853,0
DA:855,0
DA:856,0
LF:128
LH:0
BRDA:39,0,0,0
BRDA:66,1,0,0
BRDA:66,1,1,0
BRDA:78,2,0,0
BRDA:78,2,1,0
BRDA:86,3,0,0
BRDA:86,3,1,0
BRDA:87,4,0,0
BRDA:87,4,1,0
BRDA:88,5,0,0
BRDA:88,5,1,0
BRDA:94,6,0,0
BRDA:94,6,1,0
BRDA:95,7,0,0
BRDA:95,7,1,0
BRDA:96,8,0,0
BRDA:96,8,1,0
BRDA:101,9,0,0
BRDA:101,9,1,0
BRDA:108,10,0,0
BRDA:108,10,1,0
BRDA:121,11,0,0
BRDA:121,11,1,0
BRDA:138,12,0,0
BRDA:138,12,1,0
BRDA:138,13,0,0
BRDA:138,13,1,0
BRDA:162,14,0,0
BRDA:162,14,1,0
BRDA:178,15,0,0
BRDA:178,15,1,0
BRDA:188,16,0,0
BRDA:188,16,1,0
BRDA:197,17,0,0
BRDA:197,17,1,0
BRDA:212,18,0,0
BRDA:212,18,1,0
BRDA:244,19,0,0
BRDA:244,19,1,0
BRDA:244,20,0,0
BRDA:244,20,1,0
BRDA:249,21,0,0
BRDA:249,21,1,0
BRDA:272,22,0,0
BRDA:272,22,1,0
BRDA:296,23,0,0
BRDA:296,23,1,0
BRDA:320,24,0,0
BRDA:320,24,1,0
BRDA:320,25,0,0
BRDA:320,25,1,0
BRDA:331,26,0,0
BRDA:331,26,1,0
BRDA:332,27,0,0
BRDA:332,27,1,0
BRDA:334,28,0,0
BRDA:334,28,1,0
BRDA:349,29,0,0
BRDA:349,29,1,0
BRDA:370,30,0,0
BRDA:370,30,1,0
BRDA:397,31,0,0
BRDA:397,31,1,0
BRDA:412,32,0,0
BRDA:412,32,1,0
BRDA:427,33,0,0
BRDA:427,33,1,0
BRDA:429,34,0,0
BRDA:429,34,1,0
BRDA:433,35,0,0
BRDA:433,35,1,0
BRDA:438,36,0,0
BRDA:438,36,1,0
BRDA:467,37,0,0
BRDA:467,37,1,0
BRDA:479,38,0,0
BRDA:479,38,1,0
BRDA:498,39,0,0
BRDA:498,39,1,0
BRDA:498,39,2,0
BRF:80
BRH:0
end_of_record
TN:
SF:src/components/LiveStreamRefreshButton.tsx
FN:31,(anonymous_0)
FN:56,(anonymous_1)
FN:67,(anonymous_2)
FN:78,(anonymous_3)
FN:94,(anonymous_4)
FN:116,(anonymous_5)
FN:157,(anonymous_6)
FN:242,(anonymous_7)
FNF:8
FNH:0
FNDA:0,(anonymous_0)
FNDA:0,(anonymous_1)
FNDA:0,(anonymous_2)
FNDA:0,(anonymous_3)
FNDA:0,(anonymous_4)
FNDA:0,(anonymous_5)
FNDA:0,(anonymous_6)
FNDA:0,(anonymous_7)
DA:31,0
DA:39,0
DA:40,0
DA:51,0
DA:57,0
DA:58,0
DA:67,0
DA:68,0
DA:69,0
DA:78,0
DA:79,0
DA:94,0
DA:95,0
DA:97,0
DA:98,0
DA:99,0
DA:103,0
DA:104,0
DA:105,0
DA:107,0
DA:110,0
DA:116,0
DA:117,0
DA:118,0
DA:120,0
DA:121,0
DA:122,0
DA:125,0
DA:126,0
DA:129,0
DA:132,0
DA:133,0
DA:135,0
DA:138,0
DA:140,0
DA:143,0
DA:151,0
DA:157,0
DA:158,0
DA:159,0
DA:161,0
DA:163,0
DA:191,0
DA:220,0
DA:242,0
DA:243,0
DA:245,0
DA:250,0
DA:255,0
DA:262,0
DA:277,0
LF:51
LH:0
BRDA:32,0,0,0
BRDA:33,1,0,0
BRDA:34,2,0,0
BRDA:37,3,0,0
BRDA:97,4,0,0
BRDA:97,4,1,0
BRDA:103,5,0,0
BRDA:103,5,1,0
BRDA:103,6,0,0
BRDA:103,6,1,0
BRDA:120,7,0,0
BRDA:120,7,1,0
BRDA:120,8,0,0
BRDA:120,8,1,0
BRDA:158,9,0,0
BRDA:158,9,1,0
BRDA:159,10,0,0
BRDA:159,10,1,0
BRDA:161,11,0,0
BRDA:161,11,1,0
BRDA:161,11,2,0
BRDA:170,12,0,0
BRDA:170,12,1,0
BRDA:182,13,0,0
BRDA:182,13,1,0
BRDA:183,14,0,0
BRDA:183,14,1,0
BRDA:184,15,0,0
BRDA:184,15,1,0
BRDA:184,15,2,0
BRDA:198,16,0,0
BRDA:198,16,1,0
BRDA:211,17,0,0
BRDA:211,17,1,0
BRDA:211,17,2,0
BRDA:211,17,3,0
BRDA:226,18,0,0
BRDA:226,18,1,0
BRDA:243,19,0,0
BRDA:243,19,1,0
BRDA:243,19,2,0
BRDA:247,20,0,0
BRDA:247,20,1,0
BRDA:252,21,0,0
BRDA:252,21,1,0
BRDA:257,22,0,0
BRDA:257,22,1,0
BRDA:266,23,0,0
BRDA:266,23,1,0
BRF:49
BRH:0
end_of_record
TN:
SF:src/components/LoadingProvider.tsx
FN:14,(anonymous_0)
FN:31,(anonymous_1)
FN:37,(anonymous_2)
FN:38,(anonymous_3)
FN:52,(anonymous_4)
FN:53,(anonymous_5)
FN:67,(anonymous_6)
FN:70,(anonymous_7)
FN:74,(anonymous_8)
FN:80,(anonymous_9)
FNF:10
FNH:0
FNDA:0,(anonymous_0)
FNDA:0,(anonymous_1)
FNDA:0,(anonymous_2)
FNDA:0,(anonymous_3)
FNDA:0,(anonymous_4)
FNDA:0,(anonymous_5)
FNDA:0,(anonymous_6)
FNDA:0,(anonymous_7)
FNDA:0,(anonymous_8)
FNDA:0,(anonymous_9)
DA:12,0
DA:14,0
DA:15,0
DA:16,0
DA:17,0
DA:19,0
DA:31,0
DA:32,0
DA:33,0
DA:34,0
DA:37,0
DA:38,0
DA:39,0
DA:40,0
DA:41,0
DA:43,0
DA:44,0
DA:47,0
DA:52,0
DA:53,0
DA:54,0
DA:55,0
DA:56,0
DA:58,0
DA:59,0
DA:62,0
DA:67,0
DA:68,0
DA:70,0
DA:71,0
DA:74,0
DA:76,0
DA:80,0
DA:81,0
DA:84,0
DA:92,0
DA:93,0
DA:108,0
DA:115,0
LF:39
LH:0
BRDA:16,0,0,0
BRDA:16,0,1,0
BRDA:40,1,0,0
BRDA:40,1,1,0
BRDA:43,2,0,0
BRDA:43,2,1,0
BRDA:55,3,0,0
BRDA:55,3,1,0
BRDA:58,4,0,0
BRDA:58,4,1,0
BRDA:58,5,0,0
BRDA:58,5,1,0
BRDA:68,6,0,0
BRDA:68,6,1,0
BRDA:68,7,0,0
BRDA:68,7,1,0
BRDA:92,8,0,0
BRDA:92,8,1,0
BRDA:98,9,0,0
BRDA:98,9,1,0
BRDA:98,9,2,0
BRF:21
BRH:0
end_of_record
TN:
SF:src/components/MenuButton.tsx
FN:10,(anonymous_0)
FNF:1
FNH:0
FNDA:0,(anonymous_0)
DA:10,0
DA:11,0
DA:18,0
LF:3
LH:0
BRDA:10,0,0,0
BRF:1
BRH:0
end_of_record
TN:
SF:src/components/Message.tsx
FN:19,(anonymous_0)
FN:73,(anonymous_1)
FN:78,(anonymous_2)
FN:86,(anonymous_3)
FN:87,(anonymous_4)
FNF:5
FNH:0
FNDA:0,(anonymous_0)
FNDA:0,(anonymous_1)
FNDA:0,(anonymous_2)
FNDA:0,(anonymous_3)
FNDA:0,(anonymous_4)
DA:19,0
DA:32,0
DA:35,0
DA:36,0
DA:41,0
DA:73,0
DA:78,0
DA:95,0
LF:8
LH:0
BRDA:25,0,0,0
BRDA:26,1,0,0
BRDA:27,2,0,0
BRDA:28,3,0,0
BRDA:35,4,0,0
BRDA:35,4,1,0
BRDA:35,5,0,0
BRDA:35,5,1,0
BRDA:36,6,0,0
BRDA:36,6,1,0
BRDA:36,7,0,0
BRDA:36,7,1,0
BRDA:45,8,0,0
BRDA:45,8,1,0
BRDA:56,9,0,0
BRDA:56,9,1,0
BRDA:59,10,0,0
BRDA:59,10,1,0
BRDA:74,11,0,0
BRDA:74,11,1,0
BRDA:75,12,0,0
BRDA:75,12,1,0
BRDA:76,13,0,0
BRDA:76,13,1,0
BRDA:79,14,0,0
BRDA:79,14,1,0
BRDA:80,15,0,0
BRDA:80,15,1,0
BRDA:81,16,0,0
BRDA:81,16,1,0
BRF:30
BRH:0
end_of_record
TN:
SF:src/components/MessageActionSheet.tsx
FN:38,(anonymous_0)
FN:46,(anonymous_1)
FN:76,(anonymous_2)
FN:88,(anonymous_3)
FN:93,(anonymous_4)
FN:100,(anonymous_5)
FN:104,(anonymous_6)
FN:106,(anonymous_7)
FNF:8
FNH:0
FNDA:0,(anonymous_0)
FNDA:0,(anonymous_1)
FNDA:0,(anonymous_2)
FNDA:0,(anonymous_3)
FNDA:0,(anonymous_4)
FNDA:0,(anonymous_5)
FNDA:0,(anonymous_6)
FNDA:0,(anonymous_7)
DA:16,0
DA:38,0
DA:43,0
DA:44,0
DA:46,0
DA:47,0
DA:48,0
DA:61,0
DA:76,0
DA:77,0
DA:89,0
DA:93,0
DA:94,0
DA:101,0
DA:105,0
DA:106,0
DA:107,0
DA:130,0
DA:132,0
DA:183,0
LF:20
LH:0
BRDA:47,0,0,0
BRDA:47,0,1,0
BRDA:96,1,0,0
BRDA:96,1,1,0
BRDA:114,2,0,0
BRDA:114,2,1,0
BRDA:114,3,0,0
BRDA:114,3,1,0
BRDA:119,4,0,0
BRDA:119,4,1,0
BRDA:130,5,0,0
BRDA:130,5,1,0
BRDA:155,6,0,0
BRDA:155,6,1,0
BRDA:206,7,0,0
BRDA:206,7,1,0
BRF:16
BRH:0
end_of_record
TN:
SF:src/components/MessageBubble.tsx
FN:64,(anonymous_0)
FN:84,(anonymous_1)
FN:90,(anonymous_2)
FN:95,(anonymous_3)
FN:131,(anonymous_4)
FN:136,(anonymous_5)
FN:151,(anonymous_6)
FN:168,(anonymous_7)
FN:182,(anonymous_8)
FN:204,(anonymous_9)
FN:209,(anonymous_10)
FN:213,(anonymous_11)
FNF:12
FNH:0
FNDA:0,(anonymous_0)
FNDA:0,(anonymous_1)
FNDA:0,(anonymous_2)
FNDA:0,(anonymous_3)
FNDA:0,(anonymous_4)
FNDA:0,(anonymous_5)
FNDA:0,(anonymous_6)
FNDA:0,(anonymous_7)
FNDA:0,(anonymous_8)
FNDA:0,(anonymous_9)
FNDA:0,(anonymous_10)
FNDA:0,(anonymous_11)
DA:14,0
DA:64,0
DA:84,0
DA:85,0
DA:86,0
DA:90,0
DA:92,0
DA:93,0
DA:95,0
DA:97,0
DA:98,0
DA:106,0
DA:115,0
DA:119,0
DA:120,0
DA:127,0
DA:131,0
DA:132,0
DA:134,0
DA:137,0
DA:139,0
DA:140,0
DA:144,0
DA:151,0
DA:164,0
DA:168,0
DA:182,0
DA:183,0
DA:185,0
DA:204,0
DA:205,0
DA:207,0
DA:210,0
DA:213,0
DA:223,0
DA:264,0
LF:36
LH:0
BRDA:71,0,0,0
BRDA:72,1,0,0
BRDA:74,2,0,0
BRDA:75,3,0,0
BRDA:76,4,0,0
BRDA:85,5,0,0
BRDA:85,5,1,0
BRDA:85,6,0,0
BRDA:85,6,1,0
BRDA:97,7,0,0
BRDA:97,7,1,0
BRDA:119,8,0,0
BRDA:119,8,1,0
BRDA:132,9,0,0
BRDA:132,9,1,0
BRDA:132,10,0,0
BRDA:132,10,1,0
BRDA:137,11,0,0
BRDA:137,11,1,0
BRDA:137,12,0,0
BRDA:137,12,1,0
BRDA:140,13,0,0
BRDA:140,13,1,0
BRDA:140,14,0,0
BRDA:140,14,1,0
BRDA:151,15,0,0
BRDA:151,15,1,0
BRDA:168,16,0,0
BRDA:168,16,1,0
BRDA:172,17,0,0
BRDA:172,17,1,0
BRDA:183,18,0,0
BRDA:183,18,1,0
BRDA:189,19,0,0
BRDA:189,19,1,0
BRDA:205,20,0,0
BRDA:205,20,1,0
BRDA:205,21,0,0
BRDA:205,21,1,0
BRDA:213,22,0,0
BRDA:213,22,1,0
BRDA:227,23,0,0
BRDA:227,23,1,0
BRDA:233,24,0,0
BRDA:233,24,1,0
BRDA:243,25,0,0
BRDA:243,25,1,0
BRDA:250,26,0,0
BRDA:250,26,1,0
BRF:49
BRH:0
end_of_record
TN:
SF:src/components/MessageOptions.tsx
FN:33,(anonymous_0)
FN:46,(anonymous_1)
FN:87,(anonymous_2)
FN:90,(anonymous_3)
FN:94,(anonymous_4)
FN:138,(anonymous_5)
FN:150,(anonymous_6)
FN:162,(anonymous_7)
FN:174,(anonymous_8)
FNF:9
FNH:0
FNDA:0,(anonymous_0)
FNDA:0,(anonymous_1)
FNDA:0,(anonymous_2)
FNDA:0,(anonymous_3)
FNDA:0,(anonymous_4)
FNDA:0,(anonymous_5)
FNDA:0,(anonymous_6)
FNDA:0,(anonymous_7)
FNDA:0,(anonymous_8)
DA:16,0
DA:31,0
DA:33,0
DA:46,0
DA:47,0
DA:50,0
DA:51,0
DA:54,0
DA:55,0
DA:58,0
DA:59,0
DA:62,0
DA:63,0
DA:64,0
DA:67,0
DA:74,0
DA:87,0
DA:88,0
DA:91,0
DA:95,0
DA:96,0
DA:106,0
DA:108,0
DA:139,0
DA:140,0
DA:151,0
DA:152,0
DA:163,0
DA:164,0
DA:175,0
DA:176,0
DA:192,0
LF:32
LH:0
BRDA:58,0,0,0
BRDA:58,0,1,0
BRDA:59,1,0,0
BRDA:59,1,1,0
BRDA:63,2,0,0
BRDA:63,2,1,0
BRDA:106,3,0,0
BRDA:106,3,1,0
BRDA:122,4,0,0
BRDA:122,4,1,0
BRDA:147,5,0,0
BRDA:147,5,1,0
BRDA:147,5,2,0
BRDA:171,6,0,0
BRDA:171,6,1,0
BRDA:171,6,2,0
BRF:16
BRH:0
end_of_record
TN:
SF:src/components/MinimizedLiveWidget.tsx
FN:48,(anonymous_0)
FN:69,(anonymous_1)
FN:77,(anonymous_2)
FN:122,(anonymous_3)
FN:132,(anonymous_4)
FN:133,(anonymous_5)
FN:137,(anonymous_6)
FN:161,(anonymous_7)
FN:196,(anonymous_8)
FN:236,(anonymous_9)
FN:323,(anonymous_10)
FNF:11
FNH:0
FNDA:0,(anonymous_0)
FNDA:0,(anonymous_1)
FNDA:0,(anonymous_2)
FNDA:0,(anonymous_3)
FNDA:0,(anonymous_4)
FNDA:0,(anonymous_5)
FNDA:0,(anonymous_6)
FNDA:0,(anonymous_7)
FNDA:0,(anonymous_8)
FNDA:0,(anonymous_9)
FNDA:0,(anonymous_10)
DA:15,0
DA:18,0
DA:19,0
DA:20,0
DA:21,0
DA:22,0
DA:32,0
DA:42,0
DA:48,0
DA:49,0
DA:52,0
DA:55,0
DA:56,0
DA:59,0
DA:60,0
DA:61,0
DA:62,0
DA:63,0
DA:66,0
DA:69,0
DA:71,0
DA:72,0
DA:74,0
DA:75,0
DA:77,0
DA:79,0
DA:85,0
DA:87,0
DA:90,0
DA:91,0
DA:92,0
DA:95,0
DA:96,0
DA:99,0
DA:100,0
DA:104,0
DA:109,0
DA:112,0
DA:113,0
DA:114,0
DA:118,0
DA:122,0
DA:123,0
DA:130,0
DA:132,0
DA:135,0
DA:138,0
DA:139,0
DA:142,0
DA:149,0
DA:150,0
DA:162,0
DA:165,0
DA:166,0
DA:169,0
DA:170,0
DA:173,0
DA:176,0
DA:184,0
DA:190,0
DA:197,0
DA:199,0
DA:200,0
DA:203,0
DA:204,0
DA:207,0
DA:208,0
DA:211,0
DA:214,0
DA:222,0
DA:233,0
DA:234,0
DA:236,0
DA:237,0
DA:239,0
DA:240,0
DA:243,0
DA:246,0
DA:247,0
DA:250,0
DA:254,0
DA:255,0
DA:258,0
DA:266,0
DA:271,0
DA:274,0
DA:275,0
DA:276,0
DA:278,0
DA:280,0
DA:287,0
DA:288,0
DA:290,0
DA:291,0
DA:292,0
DA:293,0
DA:297,0
DA:298,0
DA:301,0
DA:302,0
DA:305,0
DA:324,0
DA:356,0
LF:103
LH:0
BRDA:21,0,0,0
BRDA:21,0,1,0
BRDA:22,1,0,0
BRDA:22,1,1,0
BRDA:52,2,0,0
BRDA:52,2,1,0
BRDA:55,3,0,0
BRDA:55,3,1,0
BRDA:87,4,0,0
BRDA:87,4,1,0
BRDA:112,5,0,0
BRDA:112,5,1,0
BRDA:135,6,0,0
BRDA:135,6,1,0
BRDA:149,7,0,0
BRDA:149,7,1,0
BRDA:162,8,0,0
BRDA:162,8,1,0
BRDA:162,9,0,0
BRDA:162,9,1,0
BRDA:197,10,0,0
BRDA:197,10,1,0
BRDA:237,11,0,0
BRDA:237,11,1,0
BRDA:254,12,0,0
BRDA:254,12,1,0
BRDA:275,13,0,0
BRDA:275,13,1,0
BRDA:275,14,0,0
BRDA:275,14,1,0
BRDA:276,15,0,0
BRDA:276,15,1,0
BRDA:290,16,0,0
BRDA:290,16,1,0
BRDA:292,17,0,0
BRDA:292,17,1,0
BRDA:301,18,0,0
BRDA:301,18,1,0
BRDA:301,19,0,0
BRDA:301,19,1,0
BRF:40
BRH:0
end_of_record
TN:
SF:src/components/NotificationIcon.tsx
FN:11,(anonymous_0)
FNF:1
FNH:0
FNDA:0,(anonymous_0)
DA:11,0
DA:12,0
DA:48,0
LF:3
LH:0
BRDA:11,0,0,0
BRDA:11,1,0,0
BRDA:18,2,0,0
BRDA:18,2,1,0
BRDA:25,3,0,0
BRDA:25,3,1,0
BRDA:32,4,0,0
BRDA:32,4,1,0
BRDA:39,5,0,0
BRDA:39,5,1,0
BRF:10
BRH:0
end_of_record
TN:
SF:src/components/NotificationItem.tsx
FN:33,(anonymous_0)
FN:37,(anonymous_1)
FN:55,(anonymous_2)
FN:73,(anonymous_3)
FN:78,(anonymous_4)
FN:84,(anonymous_5)
FN:111,(anonymous_6)
FNF:7
FNH:0
FNDA:0,(anonymous_0)
FNDA:0,(anonymous_1)
FNDA:0,(anonymous_2)
FNDA:0,(anonymous_3)
FNDA:0,(anonymous_4)
FNDA:0,(anonymous_5)
FNDA:0,(anonymous_6)
DA:33,0
DA:34,0
DA:37,0
DA:38,0
DA:40,0
DA:42,0
DA:44,0
DA:46,0
DA:48,0
DA:50,0
DA:55,0
DA:56,0
DA:58,0
DA:60,0
DA:62,0
DA:64,0
DA:66,0
DA:68,0
DA:73,0
DA:74,0
DA:78,0
DA:79,0
DA:80,0
DA:84,0
DA:85,0
DA:89,0
DA:90,0
DA:105,0
DA:111,0
DA:137,0
LF:30
LH:0
BRDA:38,0,0,0
BRDA:38,0,1,0
BRDA:38,0,2,0
BRDA:38,0,3,0
BRDA:38,0,4,0
BRDA:38,0,5,0
BRDA:56,1,0,0
BRDA:56,1,1,0
BRDA:56,1,2,0
BRDA:56,1,3,0
BRDA:56,1,4,0
BRDA:56,1,5,0
BRDA:89,2,0,0
BRDA:89,2,1,0
BRDA:109,3,0,0
BRDA:109,3,1,0
BRDA:120,4,0,0
BRDA:120,4,1,0
BRDA:126,5,0,0
BRDA:126,5,1,0
BRF:20
BRH:0
end_of_record
TN:
SF:src/components/PersonGroupIcon.tsx
FN:13,(anonymous_0)
FNF:1
FNH:0
FNDA:0,(anonymous_0)
DA:13,0
DA:20,0
DA:21,0
DA:22,0
DA:24,0
DA:59,0
LF:6
LH:0
BRDA:14,0,0,0
BRDA:15,1,0,0
BRDA:16,2,0,0
BRDA:17,3,0,0
BRDA:18,4,0,0
BRF:5
BRH:0
end_of_record
TN:
SF:src/components/PersonGroupIconExample.tsx
FN:5,(anonymous_0)
FNF:1
FNH:0
FNDA:0,(anonymous_0)
DA:5,0
DA:6,0
DA:34,0
LF:3
LH:0
BRF:0
BRH:0
end_of_record
TN:
SF:src/components/ProfileViewers.tsx
FN:13,(anonymous_0)
FN:22,(anonymous_1)
FN:31,(anonymous_2)
FN:83,(anonymous_3)
FN:122,(anonymous_4)
FNF:5
FNH:0
FNDA:0,(anonymous_0)
FNDA:0,(anonymous_1)
FNDA:0,(anonymous_2)
FNDA:0,(anonymous_3)
FNDA:0,(anonymous_4)
DA:13,0
DA:18,0
DA:19,0
DA:20,0
DA:22,0
DA:23,0
DA:31,0
DA:32,0
DA:33,0
DA:35,0
DA:36,0
DA:37,0
DA:38,0
DA:39,0
DA:42,0
DA:84,0
DA:123,0
DA:154,0
LF:18
LH:0
BRDA:35,0,0,0
BRDA:35,0,1,0
BRDA:36,1,0,0
BRDA:36,1,1,0
BRDA:37,2,0,0
BRDA:37,2,1,0
BRDA:38,3,0,0
BRDA:38,3,1,0
BRDA:49,4,0,0
BRDA:49,4,1,0
BRF:10
BRH:0
end_of_record
TN:
SF:src/components/RefreshDebugPanel.tsx
FN:11,(anonymous_0)
FN:24,(anonymous_1)
FN:25,(anonymous_2)
FN:26,(anonymous_3)
FN:29,(anonymous_4)
FN:83,(anonymous_5)
FNF:6
FNH:0
FNDA:0,(anonymous_0)
FNDA:0,(anonymous_1)
FNDA:0,(anonymous_2)
FNDA:0,(anonymous_3)
FNDA:0,(anonymous_4)
FNDA:0,(anonymous_5)
DA:11,0
DA:12,0
DA:21,0
DA:24,0
DA:25,0
DA:26,0
DA:29,0
DA:30,0
DA:31,0
DA:32,0
DA:34,0
DA:38,0
DA:84,0
DA:97,0
LF:14
LH:0
BRDA:25,0,0,0
BRDA:25,0,1,0
BRDA:45,1,0,0
BRDA:45,1,1,0
BRDA:46,2,0,0
BRDA:46,2,1,0
BRDA:47,3,0,0
BRDA:47,3,1,0
BRDA:52,4,0,0
BRDA:52,4,1,0
BRDA:64,5,0,0
BRDA:64,5,1,0
BRDA:73,6,0,0
BRDA:73,6,1,0
BRDA:80,7,0,0
BRDA:80,7,1,0
BRDA:89,8,0,0
BRDA:89,8,1,0
BRF:18
BRH:0
end_of_record
TN:
SF:src/components/ResponsiveContainer.tsx
FN:9,(anonymous_0)
FN:13,(anonymous_1)
FN:14,(anonymous_2)
FN:18,(anonymous_3)
FN:22,(anonymous_4)
FN:30,(anonymous_5)
FNF:6
FNH:0
FNDA:0,(anonymous_0)
FNDA:0,(anonymous_1)
FNDA:0,(anonymous_2)
FNDA:0,(anonymous_3)
FNDA:0,(anonymous_4)
FNDA:0,(anonymous_5)
DA:9,0
DA:10,0
DA:11,0
DA:13,0
DA:14,0
DA:15,0
DA:18,0
DA:22,0
DA:23,0
DA:24,0
DA:30,0
DA:31,0
DA:33,0
DA:36,0
DA:37,0
DA:40,0
DA:41,0
DA:42,0
DA:69,0
DA:70,0
DA:75,0
DA:82,0
LF:22
LH:0
BRDA:23,0,0,0
BRDA:23,0,1,0
BRDA:31,1,0,0
BRDA:31,1,1,0
BRDA:40,2,0,0
BRDA:40,2,1,0
BRF:6
BRH:0
end_of_record
TN:
SF:src/components/SVGIcon.tsx
FN:36,(anonymous_0)
FN:89,(anonymous_1)
FNF:2
FNH:0
FNDA:0,(anonymous_0)
FNDA:0,(anonymous_1)
DA:36,0
DA:37,0
DA:39,0
DA:41,0
DA:43,0
DA:45,0
DA:47,0
DA:49,0
DA:51,0
DA:53,0
DA:55,0
DA:57,0
DA:59,0
DA:61,0
DA:63,0
DA:65,0
DA:67,0
DA:69,0
DA:71,0
DA:73,0
DA:75,0
DA:77,0
DA:79,0
DA:81,0
DA:83,0
DA:85,0
DA:89,0
DA:90,0
DA:92,0
DA:94,0
DA:106,0
LF:31
LH:0
BRDA:37,0,0,0
BRDA:37,0,1,0
BRDA:37,0,2,0
BRDA:37,0,3,0
BRDA:37,0,4,0
BRDA:37,0,5,0
BRDA:37,0,6,0
BRDA:37,0,7,0
BRDA:37,0,8,0
BRDA:37,0,9,0
BRDA:37,0,10,0
BRDA:37,0,11,0
BRDA:37,0,12,0
BRDA:37,0,13,0
BRDA:37,0,14,0
BRDA:37,0,15,0
BRDA:37,0,16,0
BRDA:37,0,17,0
BRDA:37,0,18,0
BRDA:37,0,19,0
BRDA:37,0,20,0
BRDA:37,0,21,0
BRDA:37,0,22,0
BRDA:37,0,23,0
BRDA:92,1,0,0
BRDA:92,1,1,0
BRDA:99,2,0,0
BRDA:99,2,1,0
BRF:28
BRH:0
end_of_record
TN:
SF:src/components/ScrollableContentContainer.tsx
FN:18,(anonymous_0)
FNF:1
FNH:0
FNDA:0,(anonymous_0)
DA:17,0
DA:28,0
DA:32,0
DA:35,0
DA:39,0
DA:65,0
LF:6
LH:0
BRDA:23,0,0,0
BRDA:24,1,0,0
BRDA:35,2,0,0
BRDA:35,2,1,0
BRF:4
BRH:0
end_of_record
TN:
SF:src/components/SidebarMenu.tsx
FN:45,(anonymous_0)
FN:65,(anonymous_1)
FN:67,(anonymous_2)
FN:91,(anonymous_3)
FN:100,(anonymous_4)
FN:111,(anonymous_5)
FN:118,(anonymous_6)
FN:124,(anonymous_7)
FN:130,(anonymous_8)
FN:136,(anonymous_9)
FN:142,(anonymous_10)
FN:149,(anonymous_11)
FN:152,(anonymous_12)
FN:165,(anonymous_13)
FN:169,(anonymous_14)
FN:175,(anonymous_15)
FN:181,(anonymous_16)
FN:189,(anonymous_17)
FN:235,(anonymous_18)
FN:245,(anonymous_19)
FN:246,(anonymous_20)
FN:249,(anonymous_21)
FN:263,(anonymous_22)
FN:288,(anonymous_23)
FN:320,(anonymous_24)
FN:356,(anonymous_25)
FN:370,(anonymous_26)
FN:380,(anonymous_27)
FN:391,(anonymous_28)
FN:428,(anonymous_29)
FN:438,(anonymous_30)
FNF:31
FNH:0
FNDA:0,(anonymous_0)
FNDA:0,(anonymous_1)
FNDA:0,(anonymous_2)
FNDA:0,(anonymous_3)
FNDA:0,(anonymous_4)
FNDA:0,(anonymous_5)
FNDA:0,(anonymous_6)
FNDA:0,(anonymous_7)
FNDA:0,(anonymous_8)
FNDA:0,(anonymous_9)
FNDA:0,(anonymous_10)
FNDA:0,(anonymous_11)
FNDA:0,(anonymous_12)
FNDA:0,(anonymous_13)
FNDA:0,(anonymous_14)
FNDA:0,(anonymous_15)
FNDA:0,(anonymous_16)
FNDA:0,(anonymous_17)
FNDA:0,(anonymous_18)
FNDA:0,(anonymous_19)
FNDA:0,(anonymous_20)
FNDA:0,(anonymous_21)
FNDA:0,(anonymous_22)
FNDA:0,(anonymous_23)
FNDA:0,(anonymous_24)
FNDA:0,(anonymous_25)
FNDA:0,(anonymous_26)
FNDA:0,(anonymous_27)
FNDA:0,(anonymous_28)
FNDA:0,(anonymous_29)
FNDA:0,(anonymous_30)
DA:15,0
DA:16,0
DA:17,0
DA:18,0
DA:19,0
DA:20,0
DA:23,0
DA:40,0
DA:42,0
DA:45,0
DA:47,0
DA:48,0
DA:51,0
DA:65,0
DA:67,0
DA:68,0
DA:69,0
DA:70,0
DA:73,0
DA:76,0
DA:79,0
DA:80,0
DA:83,0
DA:84,0
DA:85,0
DA:88,0
DA:91,0
DA:92,0
DA:93,0
DA:94,0
DA:95,0
DA:100,0
DA:101,0
DA:102,0
DA:107,0
DA:111,0
DA:118,0
DA:124,0
DA:130,0
DA:136,0
DA:142,0
DA:149,0
DA:150,0
DA:152,0
DA:153,0
DA:157,0
DA:158,0
DA:161,0
DA:165,0
DA:169,0
DA:171,0
DA:175,0
DA:176,0
DA:177,0
DA:181,0
DA:183,0
DA:184,0
DA:186,0
DA:187,0
DA:189,0
DA:191,0
DA:197,0
DA:199,0
DA:203,0
DA:204,0
DA:205,0
DA:208,0
DA:209,0
DA:212,0
DA:213,0
DA:217,0
DA:222,0
DA:225,0
DA:226,0
DA:227,0
DA:231,0
DA:235,0
DA:236,0
DA:243,0
DA:245,0
DA:246,0
DA:250,0
DA:253,0
DA:260,0
DA:264,0
DA:267,0
DA:268,0
DA:271,0
DA:272,0
DA:275,0
DA:278,0
DA:281,0
DA:289,0
DA:292,0
DA:293,0
DA:296,0
DA:297,0
DA:300,0
DA:306,0
DA:314,0
DA:317,0
DA:318,0
DA:320,0
DA:321,0
DA:322,0
DA:325,0
DA:328,0
DA:329,0
DA:332,0
DA:334,0
DA:335,0
DA:338,0
DA:341,0
DA:342,0
DA:345,0
DA:350,0
DA:356,0
DA:357,0
DA:359,0
DA:360,0
DA:363,0
DA:366,0
DA:370,0
DA:374,0
DA:375,0
DA:380,0
DA:381,0
DA:383,0
DA:384,0
DA:387,0
DA:391,0
DA:395,0
DA:396,0
DA:403,0
DA:405,0
DA:429,0
DA:431,0
DA:439,0
DA:506,0
DA:507,0
DA:509,0
LF:141
LH:0
BRDA:76,0,0,0
BRDA:76,0,1,0
BRDA:80,1,0,0
BRDA:80,1,1,0
BRDA:92,2,0,0
BRDA:92,2,1,0
BRDA:94,3,0,0
BRDA:94,3,1,0
BRDA:101,4,0,0
BRDA:101,4,1,0
BRDA:150,5,0,0
BRDA:150,5,1,0
BRDA:157,6,0,0
BRDA:157,6,1,0
BRDA:157,7,0,0
BRDA:157,7,1,0
BRDA:157,7,2,0
BRDA:161,8,0,0
BRDA:161,8,1,0
BRDA:199,9,0,0
BRDA:199,9,1,0
BRDA:225,10,0,0
BRDA:225,10,1,0
BRDA:264,11,0,0
BRDA:264,11,1,0
BRDA:289,12,0,0
BRDA:289,12,1,0
BRDA:334,13,0,0
BRDA:334,13,1,0
BRDA:341,14,0,0
BRDA:341,14,1,0
BRDA:357,15,0,0
BRDA:357,15,1,0
BRDA:357,16,0,0
BRDA:357,16,1,0
BRDA:367,17,0,0
BRDA:367,17,1,0
BRDA:370,18,0,0
BRDA:370,18,1,0
BRDA:374,19,0,0
BRDA:374,19,1,0
BRDA:381,20,0,0
BRDA:381,20,1,0
BRDA:383,21,0,0
BRDA:383,21,1,0
BRDA:388,22,0,0
BRDA:388,22,1,0
BRDA:391,23,0,0
BRDA:391,23,1,0
BRDA:395,24,0,0
BRDA:395,24,1,0
BRDA:403,25,0,0
BRDA:403,25,1,0
BRDA:413,26,0,0
BRDA:413,26,1,0
BRDA:436,27,0,0
BRDA:436,27,1,0
BRDA:445,28,0,0
BRDA:445,28,1,0
BRDA:448,29,0,0
BRDA:448,29,1,0
BRDA:453,30,0,0
BRDA:453,30,1,0
BRDA:465,31,0,0
BRDA:465,31,1,0
BRDA:479,32,0,0
BRDA:479,32,1,0
BRDA:493,33,0,0
BRDA:493,33,1,0
BRF:69
BRH:0
end_of_record
TN:
SF:src/components/SimpleRefreshButton.tsx
FN:23,(anonymous_0)
FN:37,(anonymous_1)
FN:48,(anonymous_2)
FN:65,(anonymous_3)
FN:73,(anonymous_4)
FNF:5
FNH:0
FNDA:0,(anonymous_0)
FNDA:0,(anonymous_1)
FNDA:0,(anonymous_2)
FNDA:0,(anonymous_3)
FNDA:0,(anonymous_4)
DA:23,0
DA:28,0
DA:29,0
DA:34,0
DA:38,0
DA:39,0
DA:48,0
DA:49,0
DA:52,0
DA:61,0
DA:62,0
DA:65,0
DA:66,0
DA:67,0
DA:68,0
DA:70,0
DA:73,0
DA:74,0
DA:76,0
DA:77,0
DA:78,0
DA:79,0
DA:81,0
DA:83,0
DA:87,0
DA:92,0
DA:118,0
LF:27
LH:0
BRDA:24,0,0,0
BRDA:25,1,0,0
BRDA:26,2,0,0
BRDA:66,3,0,0
BRDA:66,3,1,0
BRDA:74,4,0,0
BRDA:74,4,1,0
BRDA:74,5,0,0
BRDA:74,5,1,0
BRDA:94,6,0,0
BRDA:94,6,1,0
BRDA:96,7,0,0
BRDA:96,7,1,0
BRDA:104,8,0,0
BRDA:104,8,1,0
BRDA:111,9,0,0
BRDA:111,9,1,0
BRF:17
BRH:0
end_of_record
TN:
SF:src/components/SpotlightDurationDemo.tsx
FN:5,(anonymous_0)
FN:9,(anonymous_1)
FN:10,(anonymous_2)
FN:14,(anonymous_3)
FNF:4
FNH:0
FNDA:0,(anonymous_0)
FNDA:0,(anonymous_1)
FNDA:0,(anonymous_2)
FNDA:0,(anonymous_3)
DA:5,0
DA:6,0
DA:9,0
DA:10,0
DA:14,0
DA:15,0
DA:18,0
DA:73,0
LF:8
LH:0
BRF:0
BRH:0
end_of_record
TN:
SF:src/components/SpotlightProgressBar.tsx
FN:34,(anonymous_0)
FN:45,(anonymous_1)
FN:58,(anonymous_2)
FN:68,(anonymous_3)
FN:85,(anonymous_4)
FN:94,(anonymous_5)
FN:104,(anonymous_6)
FN:105,(anonymous_7)
FN:108,(anonymous_8)
FN:120,(anonymous_9)
FN:130,(anonymous_10)
FN:135,(anonymous_11)
FN:141,(anonymous_12)
FN:160,(anonymous_13)
FNF:14
FNH:0
FNDA:0,(anonymous_0)
FNDA:0,(anonymous_1)
FNDA:0,(anonymous_2)
FNDA:0,(anonymous_3)
FNDA:0,(anonymous_4)
FNDA:0,(anonymous_5)
FNDA:0,(anonymous_6)
FNDA:0,(anonymous_7)
FNDA:0,(anonymous_8)
FNDA:0,(anonymous_9)
FNDA:0,(anonymous_10)
FNDA:0,(anonymous_11)
FNDA:0,(anonymous_12)
FNDA:0,(anonymous_13)
DA:14,0
DA:31,0
DA:34,0
DA:45,0
DA:46,0
DA:47,0
DA:48,0
DA:49,0
DA:50,0
DA:51,0
DA:54,0
DA:58,0
DA:59,0
DA:60,0
DA:61,0
DA:62,0
DA:63,0
DA:68,0
DA:69,0
DA:70,0
DA:71,0
DA:72,0
DA:73,0
DA:78,0
DA:79,0
DA:80,0
DA:82,0
DA:85,0
DA:86,0
DA:91,0
DA:94,0
DA:95,0
DA:96,0
DA:97,0
DA:98,0
DA:99,0
DA:104,0
DA:105,0
DA:108,0
DA:110,0
DA:120,0
DA:121,0
DA:122,0
DA:123,0
DA:124,0
DA:125,0
DA:130,0
DA:132,0
DA:135,0
DA:136,0
DA:141,0
DA:143,0
DA:145,0
DA:152,0
DA:155,0
DA:160,0
DA:162,0
DA:164,0
DA:168,0
DA:172,0
DA:176,0
DA:181,0
DA:185,0
DA:236,0
DA:254,0
LF:65
LH:0
BRDA:40,0,0,0
BRDA:41,1,0,0
BRDA:42,2,0,0
BRDA:46,3,0,0
BRDA:46,3,1,0
BRDA:47,4,0,0
BRDA:47,4,1,0
BRDA:47,4,2,0
BRDA:47,4,3,0
BRDA:59,5,0,0
BRDA:59,5,1,0
BRDA:59,5,2,0
BRDA:59,5,3,0
BRDA:69,6,0,0
BRDA:69,6,1,0
BRDA:69,6,2,0
BRDA:69,6,3,0
BRDA:95,7,0,0
BRDA:95,7,1,0
BRDA:95,7,2,0
BRDA:95,7,3,0
BRDA:110,8,0,0
BRDA:110,8,1,0
BRDA:121,9,0,0
BRDA:121,9,1,0
BRDA:121,9,2,0
BRDA:121,9,3,0
BRDA:152,10,0,0
BRDA:152,10,1,0
BRDA:155,11,0,0
BRDA:155,11,1,0
BRDA:162,12,0,0
BRDA:162,12,1,0
BRDA:162,12,2,0
BRDA:162,12,3,0
BRDA:164,13,0,0
BRDA:164,13,1,0
BRDA:168,14,0,0
BRDA:168,14,1,0
BRDA:172,15,0,0
BRDA:172,15,1,0
BRDA:181,16,0,0
BRDA:181,16,1,0
BRDA:193,17,0,0
BRDA:193,17,1,0
BRF:45
BRH:0
end_of_record
TN:
SF:src/components/StatusDot.tsx
FN:17,(anonymous_0)
FNF:1
FNH:0
FNDA:0,(anonymous_0)
DA:17,0
DA:27,0
DA:31,0
DA:34,0
DA:37,0
DA:87,0
LF:6
LH:0
BRDA:18,0,0,0
BRDA:19,1,0,0
BRDA:20,2,0,0
BRDA:21,3,0,0
BRDA:22,4,0,0
BRDA:23,5,0,0
BRDA:24,6,0,0
BRDA:31,7,0,0
BRDA:31,7,1,0
BRDA:39,8,0,0
BRDA:39,8,1,0
BRDA:54,9,0,0
BRDA:54,9,1,0
BRF:13
BRH:0
end_of_record
TN:
SF:src/components/StreamDebugPanel.tsx
FN:11,(anonymous_0)
FN:15,(anonymous_1)
FN:28,(anonymous_2)
FN:37,(anonymous_3)
FN:54,(anonymous_4)
FN:58,(anonymous_5)
FN:70,(anonymous_6)
FN:114,(anonymous_7)
FN:122,(anonymous_8)
FNF:9
FNH:0
FNDA:0,(anonymous_0)
FNDA:0,(anonymous_1)
FNDA:0,(anonymous_2)
FNDA:0,(anonymous_3)
FNDA:0,(anonymous_4)
FNDA:0,(anonymous_5)
FNDA:0,(anonymous_6)
FNDA:0,(anonymous_7)
FNDA:0,(anonymous_8)
DA:11,0
DA:12,0
DA:13,0
DA:15,0
DA:16,0
DA:17,0
DA:18,0
DA:19,0
DA:21,0
DA:22,0
DA:24,0
DA:28,0
DA:29,0
DA:38,0
DA:39,0
DA:40,0
DA:41,0
DA:43,0
DA:44,0
DA:46,0
DA:54,0
DA:55,0
DA:58,0
DA:59,0
DA:70,0
DA:72,0
DA:78,0
DA:114,0
DA:122,0
DA:132,0
LF:30
LH:0
BRDA:66,0,0,0
BRDA:66,0,1,0
BRDA:70,1,0,0
BRDA:70,1,1,0
BRDA:98,2,0,0
BRDA:98,2,1,0
BRDA:108,3,0,0
BRDA:108,3,1,0
BRF:8
BRH:0
end_of_record
TN:
SF:src/components/StreamErrorBoundary.tsx
FN:22,(anonymous_0)
FN:31,(anonymous_1)
FN:40,(anonymous_2)
FN:60,(anonymous_3)
FN:85,(anonymous_4)
FN:94,(anonymous_5)
FN:111,(anonymous_6)
FN:218,(anonymous_7)
FN:223,(anonymous_8)
FNF:9
FNH:0
FNDA:0,(anonymous_0)
FNDA:0,(anonymous_1)
FNDA:0,(anonymous_2)
FNDA:0,(anonymous_3)
FNDA:0,(anonymous_4)
FNDA:0,(anonymous_5)
FNDA:0,(anonymous_6)
FNDA:0,(anonymous_7)
FNDA:0,(anonymous_8)
DA:23,0
DA:24,0
DA:33,0
DA:42,0
DA:43,0
DA:46,0
DA:52,0
DA:53,0
DA:57,0
DA:60,0
DA:61,0
DA:67,0
DA:70,0
DA:78,0
DA:81,0
DA:85,0
DA:87,0
DA:94,0
DA:95,0
DA:97,0
DA:112,0
DA:114,0
DA:115,0
DA:119,0
DA:154,0
DA:158,0
DA:218,0
DA:223,0
DA:224,0
LF:29
LH:0
BRDA:52,0,0,0
BRDA:52,0,1,0
BRDA:99,1,0,0
BRDA:99,1,1,0
BRDA:112,2,0,0
BRDA:112,2,1,0
BRDA:114,3,0,0
BRDA:114,3,1,0
BRF:8
BRH:0
end_of_record
TN:
SF:src/components/UserProfileModal.tsx
FN:50,(anonymous_0)
FN:64,(anonymous_1)
FN:94,(anonymous_2)
FN:106,(anonymous_3)
FN:112,(anonymous_4)
FN:152,(anonymous_5)
FN:270,(anonymous_6)
FNF:7
FNH:0
FNDA:0,(anonymous_0)
FNDA:0,(anonymous_1)
FNDA:0,(anonymous_2)
FNDA:0,(anonymous_3)
FNDA:0,(anonymous_4)
FNDA:0,(anonymous_5)
FNDA:0,(anonymous_6)
DA:19,0
DA:50,0
DA:61,0
DA:62,0
DA:64,0
DA:65,0
DA:66,0
DA:79,0
DA:94,0
DA:95,0
DA:107,0
DA:112,0
DA:113,0
DA:115,0
DA:117,0
DA:119,0
DA:121,0
DA:123,0
DA:125,0
DA:127,0
DA:129,0
DA:132,0
DA:134,0
DA:136,0
DA:138,0
DA:140,0
DA:142,0
DA:144,0
DA:146,0
DA:148,0
DA:152,0
DA:153,0
DA:154,0
DA:157,0
DA:159,0
DA:271,0
DA:327,0
LF:37
LH:0
BRDA:65,0,0,0
BRDA:65,0,1,0
BRDA:113,1,0,0
BRDA:113,1,1,0
BRDA:113,1,2,0
BRDA:113,1,3,0
BRDA:113,1,4,0
BRDA:113,1,5,0
BRDA:113,1,6,0
BRDA:113,1,7,0
BRDA:113,1,8,0
BRDA:113,1,9,0
BRDA:113,1,10,0
BRDA:113,1,11,0
BRDA:113,1,12,0
BRDA:113,1,13,0
BRDA:113,1,14,0
BRDA:113,1,15,0
BRDA:113,1,16,0
BRDA:157,2,0,0
BRDA:157,2,1,0
BRDA:177,3,0,0
BRDA:177,3,1,0
BRDA:212,4,0,0
BRDA:212,4,1,0
BRDA:218,5,0,0
BRDA:218,5,1,0
BRDA:228,6,0,0
BRDA:228,6,1,0
BRDA:258,7,0,0
BRDA:258,7,1,0
BRDA:266,8,0,0
BRDA:266,8,1,0
BRDA:266,8,2,0
BRDA:283,9,0,0
BRDA:283,9,1,0
BRDA:283,9,2,0
BRDA:287,10,0,0
BRDA:287,10,1,0
BRDA:293,11,0,0
BRDA:293,11,1,0
BRDA:302,12,0,0
BRDA:302,12,1,0
BRDA:350,13,0,0
BRDA:350,13,1,0
BRF:45
BRH:0
end_of_record
TN:
SF:src/components/UserStatusIndicator.tsx
FN:20,(anonymous_0)
FN:40,(anonymous_1)
FNF:2
FNH:0
FNDA:0,(anonymous_0)
FNDA:0,(anonymous_1)
DA:20,0
DA:31,0
DA:34,0
DA:37,0
DA:40,0
DA:41,0
DA:42,0
DA:43,0
DA:44,0
DA:45,0
DA:46,0
DA:47,0
DA:48,0
DA:49,0
DA:50,0
DA:51,0
DA:52,0
DA:53,0
DA:54,0
DA:55,0
DA:56,0
DA:57,0
DA:58,0
DA:63,0
DA:64,0
DA:83,0
DA:104,0
LF:27
LH:0
BRDA:24,0,0,0
BRDA:25,1,0,0
BRDA:27,2,0,0
BRDA:28,3,0,0
BRDA:34,4,0,0
BRDA:34,4,1,0
BRDA:41,5,0,0
BRDA:41,5,1,0
BRDA:41,5,2,0
BRDA:41,5,3,0
BRDA:41,5,4,0
BRDA:41,5,5,0
BRDA:41,5,6,0
BRDA:41,5,7,0
BRDA:41,5,8,0
BRDA:41,5,9,0
BRDA:41,5,10,0
BRDA:41,5,11,0
BRDA:41,5,12,0
BRDA:41,5,13,0
BRDA:41,5,14,0
BRDA:41,5,15,0
BRDA:41,5,16,0
BRDA:63,6,0,0
BRDA:63,6,1,0
BRDA:73,7,0,0
BRDA:73,7,1,0
BRF:27
BRH:0
end_of_record
TN:
SF:src/components/ViewerCount.tsx
FN:13,(anonymous_0)
FN:21,(anonymous_1)
FNF:2
FNH:0
FNDA:0,(anonymous_0)
FNDA:0,(anonymous_1)
DA:13,0
DA:21,0
DA:22,0
DA:23,0
DA:24,0
DA:25,0
DA:27,0
DA:31,0
DA:37,0
DA:39,0
DA:58,0
LF:11
LH:0
BRDA:15,0,0,0
BRDA:16,1,0,0
BRDA:17,2,0,0
BRDA:18,3,0,0
BRDA:22,4,0,0
BRDA:22,4,1,0
BRDA:24,5,0,0
BRDA:24,5,1,0
BRDA:45,6,0,0
BRDA:45,6,1,0
BRDA:49,7,0,0
BRDA:49,7,1,0
BRF:12
BRH:0
end_of_record
TN:
SF:src/components/ViewerGroupIcon.tsx
FN:24,(anonymous_0)
FNF:1
FNH:0
FNDA:0,(anonymous_0)
DA:24,0
DA:32,0
LF:2
LH:0
BRDA:25,0,0,0
BRDA:26,1,0,0
BRDA:27,2,0,0
BRDA:28,3,0,0
BRDA:29,4,0,0
BRDA:30,5,0,0
BRF:6
BRH:0
end_of_record
TN:
SF:src/components/ViewerIcon.tsx
FN:11,(anonymous_0)
FNF:1
FNH:0
FNDA:0,(anonymous_0)
DA:11,0
DA:16,0
LF:2
LH:0
BRDA:12,0,0,0
BRDA:13,1,0,0
BRDA:14,2,0,0
BRF:3
BRH:0
end_of_record
TN:
SF:src/components/WebResponsiveWrapper.tsx
FN:8,(anonymous_0)
FNF:1
FNH:0
FNDA:0,(anonymous_0)
DA:8,0
DA:9,0
DA:11,0
DA:13,0
DA:16,0
DA:25,0
LF:6
LH:0
BRDA:11,0,0,0
BRDA:11,0,1,0
BRDA:39,1,0,0
BRDA:39,1,1,0
BRDA:42,2,0,0
BRDA:42,2,1,0
BRF:6
BRH:0
end_of_record
TN:
SF:src/components/Analytics/AnalyticsDashboard.tsx
FN:47,AnalyticsDashboard
FN:84,(anonymous_1)
FN:94,(anonymous_2)
FN:100,(anonymous_3)
FN:111,(anonymous_4)
FN:117,(anonymous_5)
FN:126,(anonymous_6)
FN:153,(anonymous_7)
FN:198,(anonymous_8)
FN:199,(anonymous_9)
FN:222,(anonymous_10)
FN:223,(anonymous_11)
FN:237,(anonymous_12)
FN:251,(anonymous_13)
FN:264,(anonymous_14)
FN:299,(anonymous_15)
FN:356,(anonymous_16)
FN:363,(anonymous_17)
FNF:18
FNH:0
FNDA:0,AnalyticsDashboard
FNDA:0,(anonymous_1)
FNDA:0,(anonymous_2)
FNDA:0,(anonymous_3)
FNDA:0,(anonymous_4)
FNDA:0,(anonymous_5)
FNDA:0,(anonymous_6)
FNDA:0,(anonymous_7)
FNDA:0,(anonymous_8)
FNDA:0,(anonymous_9)
FNDA:0,(anonymous_10)
FNDA:0,(anonymous_11)
FNDA:0,(anonymous_12)
FNDA:0,(anonymous_13)
FNDA:0,(anonymous_14)
FNDA:0,(anonymous_15)
FNDA:0,(anonymous_16)
FNDA:0,(anonymous_17)
DA:23,0
DA:26,0
DA:53,0
DA:54,0
DA:75,0
DA:84,0
DA:85,0
DA:86,0
DA:87,0
DA:89,0
DA:94,0
DA:95,0
DA:96,0
DA:100,0
DA:107,0
DA:111,0
DA:117,0
DA:118,0
DA:126,0
DA:127,0
DA:153,0
DA:154,0
DA:198,0
DA:199,0
DA:222,0
DA:223,0
DA:237,0
DA:251,0
DA:264,0
DA:265,0
DA:299,0
DA:300,0
DA:331,0
DA:332,0
DA:344,0
DA:357,0
DA:363,0
DA:414,0
LF:38
LH:0
BRDA:95,0,0,0
BRDA:95,0,1,0
BRDA:100,1,0,0
BRDA:111,2,0,0
BRDA:160,3,0,0
BRDA:160,3,1,0
BRDA:174,4,0,0
BRDA:174,4,1,0
BRDA:198,5,0,0
BRDA:199,6,0,0
BRDA:222,7,0,0
BRDA:223,8,0,0
BRDA:230,9,0,0
BRDA:230,9,1,0
BRDA:237,10,0,0
BRDA:248,11,0,0
BRDA:248,11,1,0
BRDA:248,11,2,0
BRDA:331,12,0,0
BRDA:331,12,1,0
BRDA:349,13,0,0
BRDA:349,13,1,0
BRDA:350,14,0,0
BRDA:350,14,1,0
BRDA:361,15,0,0
BRDA:361,15,1,0
BRDA:368,16,0,0
BRDA:368,16,1,0
BRDA:377,17,0,0
BRDA:377,17,1,0
BRDA:398,18,0,0
BRDA:398,18,1,0
BRDA:398,19,0,0
BRDA:398,19,1,0
BRDA:404,20,0,0
BRDA:404,20,1,0
BRDA:405,21,0,0
BRDA:405,21,1,0
BRDA:406,22,0,0
BRDA:406,22,1,0
BRF:40
BRH:0
end_of_record
TN:
SF:src/components/ErrorBoundary/StreamErrorBoundary.tsx
FN:58,(anonymous_0)
FN:70,(anonymous_1)
FN:77,(anonymous_2)
FN:114,(anonymous_3)
FN:121,(anonymous_4)
FN:130,(anonymous_5)
FN:136,(anonymous_6)
FN:140,(anonymous_7)
FN:149,(anonymous_8)
FN:154,(anonymous_9)
FN:155,(anonymous_10)
FN:161,(anonymous_11)
FN:167,(anonymous_12)
FN:176,(anonymous_13)
FN:195,(anonymous_14)
FN:230,DefaultErrorFallback
FN:237,(anonymous_16)
FN:262,(anonymous_17)
FNF:18
FNH:0
FNDA:0,(anonymous_0)
FNDA:0,(anonymous_1)
FNDA:0,(anonymous_2)
FNDA:0,(anonymous_3)
FNDA:0,(anonymous_4)
FNDA:0,(anonymous_5)
FNDA:0,(anonymous_6)
FNDA:0,(anonymous_7)
FNDA:0,(anonymous_8)
FNDA:0,(anonymous_9)
FNDA:0,(anonymous_10)
FNDA:0,(anonymous_11)
FNDA:0,(anonymous_12)
FNDA:0,(anonymous_13)
FNDA:0,(anonymous_14)
FNDA:0,DefaultErrorFallback
FNDA:0,(anonymous_16)
FNDA:0,(anonymous_17)
DA:20,0
DA:56,0
DA:59,0
DA:61,0
DA:71,0
DA:78,0
DA:80,0
DA:86,0
DA:89,0
DA:90,0
DA:102,0
DA:106,0
DA:109,0
DA:110,0
DA:115,0
DA:116,0
DA:119,0
DA:120,0
DA:121,0
DA:124,0
DA:125,0
DA:131,0
DA:132,0
DA:137,0
DA:142,0
DA:149,0
DA:150,0
DA:155,0
DA:156,0
DA:157,0
DA:161,0
DA:162,0
DA:163,0
DA:164,0
DA:167,0
DA:176,0
DA:177,0
DA:178,0
DA:179,0
DA:187,0
DA:188,0
DA:190,0
DA:191,0
DA:196,0
DA:197,0
DA:199,0
DA:200,0
DA:201,0
DA:211,0
DA:222,0
DA:237,0
DA:238,0
DA:240,0
DA:241,0
DA:243,0
DA:244,0
DA:246,0
DA:247,0
DA:249,0
DA:250,0
DA:252,0
DA:253,0
DA:255,0
DA:256,0
DA:259,0
DA:262,0
DA:263,0
DA:265,0
DA:267,0
DA:268,0
DA:270,0
DA:271,0
DA:273,0
DA:274,0
DA:277,0
DA:280,0
DA:281,0
DA:283,0
DA:351,0
LF:79
LH:0
BRDA:109,0,0,0
BRDA:109,0,1,0
BRDA:109,1,0,0
BRDA:109,1,1,0
BRDA:119,2,0,0
BRDA:119,2,1,0
BRDA:119,3,0,0
BRDA:119,3,1,0
BRDA:119,3,2,0
BRDA:124,4,0,0
BRDA:124,4,1,0
BRDA:131,5,0,0
BRDA:131,5,1,0
BRDA:150,6,0,0
BRDA:150,6,1,0
BRDA:162,7,0,0
BRDA:162,7,1,0
BRDA:199,8,0,0
BRDA:199,8,1,0
BRDA:200,9,0,0
BRDA:200,9,1,0
BRDA:238,10,0,0
BRDA:238,10,1,0
BRDA:243,11,0,0
BRDA:243,11,1,0
BRDA:243,12,0,0
BRDA:243,12,1,0
BRDA:246,13,0,0
BRDA:246,13,1,0
BRDA:246,14,0,0
BRDA:246,14,1,0
BRDA:249,15,0,0
BRDA:249,15,1,0
BRDA:249,16,0,0
BRDA:249,16,1,0
BRDA:252,17,0,0
BRDA:252,17,1,0
BRDA:255,18,0,0
BRDA:255,18,1,0
BRDA:255,19,0,0
BRDA:255,19,1,0
BRDA:263,20,0,0
BRDA:263,20,1,0
BRDA:267,21,0,0
BRDA:267,21,1,0
BRDA:270,22,0,0
BRDA:270,22,1,0
BRDA:273,23,0,0
BRDA:273,23,1,0
BRDA:273,24,0,0
BRDA:273,24,1,0
BRDA:301,25,0,0
BRDA:301,25,1,0
BRDA:308,26,0,0
BRDA:308,26,1,0
BRDA:328,27,0,0
BRDA:328,27,1,0
BRDA:334,28,0,0
BRDA:334,28,1,0
BRDA:339,29,0,0
BRDA:339,29,1,0
BRF:61
BRH:0
end_of_record
TN:
SF:src/components/Fallback/GracefulFallback.tsx
FN:47,GracefulFallback
FN:60,(anonymous_1)
FN:138,(anonymous_2)
FN:164,(anonymous_3)
FN:194,(anonymous_4)
FN:221,(anonymous_5)
FN:264,LoadingFallback
FN:275,ErrorFallback
FN:297,OfflineFallback
FN:317,EmptyFallback
FN:346,NetworkFallback
FNF:11
FNH:0
FNDA:0,GracefulFallback
FNDA:0,(anonymous_1)
FNDA:0,(anonymous_2)
FNDA:0,(anonymous_3)
FNDA:0,(anonymous_4)
FNDA:0,(anonymous_5)
FNDA:0,LoadingFallback
FNDA:0,ErrorFallback
FNDA:0,OfflineFallback
FNDA:0,EmptyFallback
FNDA:0,NetworkFallback
DA:18,0
DA:60,0
DA:61,0
DA:63,0
DA:72,0
DA:81,0
DA:90,0
DA:99,0
DA:108,0
DA:117,0
DA:126,0
DA:136,0
DA:138,0
DA:139,0
DA:140,0
DA:149,0
DA:150,0
DA:161,0
DA:164,0
DA:165,0
DA:168,0
DA:169,0
DA:177,0
DA:178,0
DA:186,0
DA:188,0
DA:189,0
DA:192,0
DA:195,0
DA:221,0
DA:222,0
DA:224,0
DA:233,0
DA:242,0
DA:246,0
DA:265,0
DA:286,0
DA:306,0
DA:330,0
DA:353,0
DA:362,0
LF:41
LH:0
BRDA:52,0,0,0
BRDA:53,1,0,0
BRDA:56,2,0,0
BRDA:61,3,0,0
BRDA:61,3,1,0
BRDA:61,3,2,0
BRDA:61,3,3,0
BRDA:61,3,4,0
BRDA:61,3,5,0
BRDA:61,3,6,0
BRDA:61,3,7,0
BRDA:64,4,0,0
BRDA:64,4,1,0
BRDA:65,5,0,0
BRDA:65,5,1,0
BRDA:73,6,0,0
BRDA:73,6,1,0
BRDA:74,7,0,0
BRDA:74,7,1,0
BRDA:75,8,0,0
BRDA:75,8,1,0
BRDA:82,9,0,0
BRDA:82,9,1,0
BRDA:83,10,0,0
BRDA:83,10,1,0
BRDA:84,11,0,0
BRDA:84,11,1,0
BRDA:91,12,0,0
BRDA:91,12,1,0
BRDA:92,13,0,0
BRDA:92,13,1,0
BRDA:93,14,0,0
BRDA:93,14,1,0
BRDA:100,15,0,0
BRDA:100,15,1,0
BRDA:101,16,0,0
BRDA:101,16,1,0
BRDA:102,17,0,0
BRDA:102,17,1,0
BRDA:109,18,0,0
BRDA:109,18,1,0
BRDA:110,19,0,0
BRDA:110,19,1,0
BRDA:111,20,0,0
BRDA:111,20,1,0
BRDA:118,21,0,0
BRDA:118,21,1,0
BRDA:119,22,0,0
BRDA:119,22,1,0
BRDA:120,23,0,0
BRDA:120,23,1,0
BRDA:127,24,0,0
BRDA:127,24,1,0
BRDA:128,25,0,0
BRDA:128,25,1,0
BRDA:129,26,0,0
BRDA:129,26,1,0
BRDA:139,27,0,0
BRDA:139,27,1,0
BRDA:149,28,0,0
BRDA:149,28,1,0
BRDA:168,29,0,0
BRDA:168,29,1,0
BRDA:168,30,0,0
BRDA:168,30,1,0
BRDA:168,30,2,0
BRDA:177,31,0,0
BRDA:177,31,1,0
BRDA:177,32,0,0
BRDA:177,32,1,0
BRDA:177,32,2,0
BRDA:188,33,0,0
BRDA:188,33,1,0
BRDA:199,34,0,0
BRDA:199,34,1,0
BRDA:200,35,0,0
BRDA:200,35,1,0
BRDA:201,36,0,0
BRDA:201,36,1,0
BRDA:208,37,0,0
BRDA:208,37,1,0
BRDA:209,38,0,0
BRDA:209,38,1,0
BRDA:210,39,0,0
BRDA:210,39,1,0
BRDA:222,40,0,0
BRDA:222,40,1,0
BRDA:222,40,2,0
BRDA:336,41,0,0
BRDA:336,41,1,0
BRDA:337,42,0,0
BRDA:337,42,1,0
BRF:92
BRH:0
end_of_record
TN:
SF:src/components/HostControl/HostControlPanel.tsx
FN:50,HostControlPanel
FN:85,(anonymous_1)
FN:91,(anonymous_2)
FN:101,(anonymous_3)
FN:111,(anonymous_4)
FN:121,(anonymous_5)
FN:134,(anonymous_6)
FN:143,(anonymous_7)
FN:157,(anonymous_8)
FN:191,(anonymous_9)
FN:280,(anonymous_10)
FN:287,(anonymous_11)
FN:326,(anonymous_12)
FN:337,(anonymous_13)
FN:358,(anonymous_14)
FNF:15
FNH:0
FNDA:0,HostControlPanel
FNDA:0,(anonymous_1)
FNDA:0,(anonymous_2)
FNDA:0,(anonymous_3)
FNDA:0,(anonymous_4)
FNDA:0,(anonymous_5)
FNDA:0,(anonymous_6)
FNDA:0,(anonymous_7)
FNDA:0,(anonymous_8)
FNDA:0,(anonymous_9)
FNDA:0,(anonymous_10)
FNDA:0,(anonymous_11)
FNDA:0,(anonymous_12)
FNDA:0,(anonymous_13)
FNDA:0,(anonymous_14)
DA:26,0
DA:56,0
DA:57,0
DA:81,0
DA:86,0
DA:91,0
DA:92,0
DA:93,0
DA:94,0
DA:101,0
DA:102,0
DA:103,0
DA:104,0
DA:111,0
DA:112,0
DA:113,0
DA:114,0
DA:121,0
DA:122,0
DA:123,0
DA:124,0
DA:125,0
DA:126,0
DA:127,0
DA:134,0
DA:135,0
DA:144,0
DA:145,0
DA:146,0
DA:157,0
DA:158,0
DA:160,0
DA:191,0
DA:202,0
DA:211,0
DA:223,0
DA:232,0
DA:236,0
DA:238,0
DA:281,0
DA:287,0
DA:326,0
DA:337,0
DA:358,0
DA:359,0
DA:365,0
LF:46
LH:0
BRDA:158,0,0,0
BRDA:158,0,1,0
BRDA:158,0,2,0
BRDA:158,0,3,0
BRDA:158,0,4,0
BRDA:236,1,0,0
BRDA:236,1,1,0
BRDA:285,2,0,0
BRDA:285,2,1,0
BRDA:292,3,0,0
BRDA:292,3,1,0
BRDA:297,4,0,0
BRDA:297,4,1,0
BRDA:312,5,0,0
BRDA:312,5,1,0
BRF:15
BRH:0
end_of_record
TN:
SF:src/components/StreamDiscovery/StreamDiscoveryScreen.tsx
FN:47,StreamDiscoveryScreen
FN:81,(anonymous_1)
FN:91,(anonymous_2)
FN:101,(anonymous_3)
FN:106,(anonymous_4)
FN:109,(anonymous_5)
FN:119,(anonymous_6)
FN:131,(anonymous_7)
FN:134,(anonymous_8)
FN:139,(anonymous_9)
FN:148,(anonymous_10)
FN:160,(anonymous_11)
FN:163,(anonymous_12)
FN:169,(anonymous_13)
FN:178,(anonymous_14)
FN:197,(anonymous_15)
FN:244,(anonymous_16)
FN:278,(anonymous_17)
FN:284,(anonymous_18)
FN:319,(anonymous_19)
FNF:20
FNH:0
FNDA:0,StreamDiscoveryScreen
FNDA:0,(anonymous_1)
FNDA:0,(anonymous_2)
FNDA:0,(anonymous_3)
FNDA:0,(anonymous_4)
FNDA:0,(anonymous_5)
FNDA:0,(anonymous_6)
FNDA:0,(anonymous_7)
FNDA:0,(anonymous_8)
FNDA:0,(anonymous_9)
FNDA:0,(anonymous_10)
FNDA:0,(anonymous_11)
FNDA:0,(anonymous_12)
FNDA:0,(anonymous_13)
FNDA:0,(anonymous_14)
FNDA:0,(anonymous_15)
FNDA:0,(anonymous_16)
FNDA:0,(anonymous_17)
FNDA:0,(anonymous_18)
FNDA:0,(anonymous_19)
DA:25,0
DA:28,0
DA:51,0
DA:52,0
DA:53,0
DA:71,0
DA:81,0
DA:82,0
DA:83,0
DA:84,0
DA:86,0
DA:91,0
DA:92,0
DA:93,0
DA:94,0
DA:96,0
DA:101,0
DA:102,0
DA:106,0
DA:107,0
DA:109,0
DA:119,0
DA:120,0
DA:122,0
DA:132,0
DA:134,0
DA:139,0
DA:148,0
DA:149,0
DA:151,0
DA:161,0
DA:163,0
DA:169,0
DA:178,0
DA:179,0
DA:181,0
DA:197,0
DA:198,0
DA:199,0
DA:211,0
DA:212,0
DA:219,0
DA:220,0
DA:240,0
DA:244,0
DA:270,0
DA:278,0
DA:284,0
DA:320,0
DA:321,0
DA:322,0
DA:335,0
LF:52
LH:0
BRDA:83,0,0,0
BRDA:83,0,1,0
BRDA:93,1,0,0
BRDA:93,1,1,0
BRDA:112,2,0,0
BRDA:112,2,1,0
BRDA:113,3,0,0
BRDA:113,3,1,0
BRDA:120,4,0,0
BRDA:120,4,1,0
BRDA:149,5,0,0
BRDA:149,5,1,0
BRDA:179,6,0,0
BRDA:179,6,1,0
BRDA:198,7,0,0
BRDA:198,7,1,0
BRDA:211,8,0,0
BRDA:211,8,1,0
BRDA:211,9,0,0
BRDA:211,9,1,0
BRDA:219,10,0,0
BRDA:219,10,1,0
BRDA:225,11,0,0
BRDA:225,11,1,0
BRDA:225,12,0,0
BRDA:225,12,1,0
BRDA:230,13,0,0
BRDA:230,13,1,0
BRDA:245,14,0,0
BRDA:245,14,1,0
BRDA:247,15,0,0
BRDA:247,15,1,0
BRDA:258,16,0,0
BRDA:258,16,1,0
BRDA:277,17,0,0
BRDA:277,17,1,0
BRDA:280,18,0,0
BRDA:280,18,1,0
BRDA:283,19,0,0
BRDA:283,19,1,0
BRDA:286,20,0,0
BRDA:286,20,1,0
BRDA:305,21,0,0
BRDA:305,21,1,0
BRDA:305,21,2,0
BRDA:314,22,0,0
BRDA:314,22,1,0
BRDA:314,22,2,0
BRDA:317,23,0,0
BRDA:317,23,1,0
BRF:50
BRH:0
end_of_record
TN:
SF:src/components/StreamInteraction/ReactionAnimation.tsx
FN:24,ReactionAnimation
FN:35,(anonymous_1)
FN:87,(anonymous_2)
FN:166,ApplauseAnimation
FN:174,(anonymous_4)
FN:194,(anonymous_5)
FN:212,(anonymous_6)
FN:218,(anonymous_7)
FN:226,(anonymous_8)
FN:288,ScreenEffectAnimation
FN:296,(anonymous_10)
FN:306,(anonymous_11)
FN:317,(anonymous_12)
FN:323,(anonymous_13)
FN:329,(anonymous_14)
FN:340,(anonymous_15)
FNF:16
FNH:0
FNDA:0,ReactionAnimation
FNDA:0,(anonymous_1)
FNDA:0,(anonymous_2)
FNDA:0,ApplauseAnimation
FNDA:0,(anonymous_4)
FNDA:0,(anonymous_5)
FNDA:0,(anonymous_6)
FNDA:0,(anonymous_7)
FNDA:0,(anonymous_8)
FNDA:0,ScreenEffectAnimation
FNDA:0,(anonymous_10)
FNDA:0,(anonymous_11)
FNDA:0,(anonymous_12)
FNDA:0,(anonymous_13)
FNDA:0,(anonymous_14)
FNDA:0,(anonymous_15)
DA:16,0
DA:29,0
DA:30,0
DA:31,0
DA:32,0
DA:33,0
DA:35,0
DA:37,0
DA:38,0
DA:41,0
DA:42,0
DA:45,0
DA:46,0
DA:49,0
DA:87,0
DA:88,0
DA:92,0
DA:107,0
DA:124,0
DA:171,0
DA:172,0
DA:174,0
DA:176,0
DA:179,0
DA:182,0
DA:183,0
DA:187,0
DA:194,0
DA:195,0
DA:212,0
DA:214,0
DA:219,0
DA:224,0
DA:227,0
DA:257,0
DA:279,0
DA:293,0
DA:294,0
DA:296,0
DA:298,0
DA:299,0
DA:301,0
DA:302,0
DA:306,0
DA:307,0
DA:317,0
DA:319,0
DA:324,0
DA:329,0
DA:330,0
DA:331,0
DA:332,0
DA:333,0
DA:334,0
DA:338,0
DA:341,0
DA:376,0
DA:394,0
LF:58
LH:0
BRDA:37,0,0,0
BRDA:37,0,1,0
BRDA:38,1,0,0
BRDA:38,1,1,0
BRDA:111,2,0,0
BRDA:111,2,1,0
BRDA:111,2,2,0
BRDA:117,3,0,0
BRDA:117,3,1,0
BRDA:290,4,0,0
BRDA:330,5,0,0
BRDA:330,5,1,0
BRDA:330,5,2,0
BRDA:330,5,3,0
BRF:14
BRH:0
end_of_record
TN:
SF:src/components/auth/AuthDesignSystem.tsx
FN:233,(anonymous_0)
FN:254,(anonymous_1)
FN:284,(anonymous_2)
FN:296,(anonymous_3)
FN:301,(anonymous_4)
FN:306,(anonymous_5)
FN:310,(anonymous_6)
FN:314,(anonymous_7)
FN:359,(anonymous_8)
FN:389,(anonymous_9)
FN:398,(anonymous_10)
FN:411,(anonymous_11)
FN:445,(anonymous_12)
FN:466,(anonymous_13)
FNF:14
FNH:0
FNDA:0,(anonymous_0)
FNDA:0,(anonymous_1)
FNDA:0,(anonymous_2)
FNDA:0,(anonymous_3)
FNDA:0,(anonymous_4)
FNDA:0,(anonymous_5)
FNDA:0,(anonymous_6)
FNDA:0,(anonymous_7)
FNDA:0,(anonymous_8)
FNDA:0,(anonymous_9)
FNDA:0,(anonymous_10)
FNDA:0,(anonymous_11)
FNDA:0,(anonymous_12)
FNDA:0,(anonymous_13)
DA:17,0
DA:68,0
DA:182,0
DA:193,0
DA:233,0
DA:234,0
DA:254,0
DA:267,0
DA:268,0
DA:270,0
DA:285,0
DA:286,0
DA:297,0
DA:298,0
DA:299,0
DA:302,0
DA:303,0
DA:304,0
DA:307,0
DA:308,0
DA:311,0
DA:312,0
DA:315,0
DA:316,0
DA:360,0
DA:361,0
DA:389,0
DA:398,0
DA:399,0
DA:401,0
DA:403,0
DA:405,0
DA:407,0
DA:411,0
DA:412,0
DA:414,0
DA:416,0
DA:418,0
DA:420,0
DA:424,0
DA:445,0
DA:452,0
DA:466,0
DA:467,0
DA:474,0
LF:45
LH:0
BRDA:236,0,0,0
BRDA:236,0,1,0
BRDA:257,1,0,0
BRDA:258,2,0,0
BRDA:261,3,0,0
BRDA:262,4,0,0
BRDA:263,5,0,0
BRDA:264,6,0,0
BRDA:273,7,0,0
BRDA:273,7,1,0
BRDA:278,8,0,0
BRDA:278,8,1,0
BRDA:279,9,0,0
BRDA:279,9,1,0
BRDA:280,10,0,0
BRDA:280,10,1,0
BRDA:281,11,0,0
BRDA:281,11,1,0
BRDA:288,12,0,0
BRDA:288,12,1,0
BRDA:292,13,0,0
BRDA:292,13,1,0
BRDA:294,14,0,0
BRDA:294,14,1,0
BRDA:295,15,0,0
BRDA:295,15,1,0
BRDA:324,16,0,0
BRDA:324,16,1,0
BRDA:325,17,0,0
BRDA:325,17,1,0
BRDA:339,18,0,0
BRDA:339,18,1,0
BRDA:347,19,0,0
BRDA:347,19,1,0
BRDA:347,19,2,0
BRDA:356,20,0,0
BRDA:356,20,1,0
BRDA:356,20,2,0
BRDA:356,20,3,0
BRDA:367,21,0,0
BRDA:367,21,1,0
BRDA:375,22,0,0
BRDA:375,22,1,0
BRDA:391,23,0,0
BRDA:392,24,0,0
BRDA:399,25,0,0
BRDA:399,25,1,0
BRDA:399,25,2,0
BRDA:399,25,3,0
BRDA:401,26,0,0
BRDA:401,26,1,0
BRDA:403,27,0,0
BRDA:403,27,1,0
BRDA:412,28,0,0
BRDA:412,28,1,0
BRDA:412,28,2,0
BRDA:412,28,3,0
BRDA:427,29,0,0
BRDA:427,29,1,0
BRDA:431,30,0,0
BRDA:431,30,1,0
BRF:61
BRH:0
end_of_record
TN:
SF:src/components/auth/BiometricAuthButton.tsx
FN:14,(anonymous_0)
FN:29,(anonymous_1)
FN:33,(anonymous_2)
FN:48,(anonymous_3)
FN:72,(anonymous_4)
FN:121,(anonymous_5)
FN:133,(anonymous_6)
FN:137,(anonymous_7)
FN:152,(anonymous_8)
FN:157,(anonymous_9)
FNF:10
FNH:0
FNDA:0,(anonymous_0)
FNDA:0,(anonymous_1)
FNDA:0,(anonymous_2)
FNDA:0,(anonymous_3)
FNDA:0,(anonymous_4)
FNDA:0,(anonymous_5)
FNDA:0,(anonymous_6)
FNDA:0,(anonymous_7)
FNDA:0,(anonymous_8)
FNDA:0,(anonymous_9)
DA:14,0
DA:23,0
DA:24,0
DA:25,0
DA:26,0
DA:27,0
DA:29,0
DA:30,0
DA:33,0
DA:34,0
DA:35,0
DA:36,0
DA:38,0
DA:39,0
DA:40,0
DA:43,0
DA:44,0
DA:48,0
DA:49,0
DA:51,0
DA:52,0
DA:53,0
DA:55,0
DA:56,0
DA:57,0
DA:58,0
DA:60,0
DA:63,0
DA:66,0
DA:68,0
DA:72,0
DA:73,0
DA:74,0
DA:75,0
DA:76,0
DA:78,0
DA:82,0
DA:83,0
DA:86,0
DA:121,0
DA:128,0
DA:129,0
DA:130,0
DA:131,0
DA:133,0
DA:134,0
DA:137,0
DA:138,0
DA:140,0
DA:141,0
DA:142,0
DA:145,0
DA:146,0
DA:148,0
DA:149,0
DA:152,0
DA:153,0
DA:157,0
DA:158,0
DA:160,0
DA:161,0
DA:162,0
DA:163,0
DA:164,0
DA:165,0
DA:167,0
DA:168,0
DA:169,0
DA:170,0
DA:174,0
DA:175,0
DA:178,0
DA:180,0
DA:184,0
DA:185,0
DA:188,0
DA:210,0
LF:77
LH:0
BRDA:16,0,0,0
BRDA:38,1,0,0
BRDA:38,1,1,0
BRDA:49,2,0,0
BRDA:49,2,1,0
BRDA:49,3,0,0
BRDA:49,3,1,0
BRDA:49,3,2,0
BRDA:55,4,0,0
BRDA:55,4,1,0
BRDA:57,5,0,0
BRDA:57,5,1,0
BRDA:66,6,0,0
BRDA:66,6,1,0
BRDA:73,7,0,0
BRDA:73,7,1,0
BRDA:75,8,0,0
BRDA:75,8,1,0
BRDA:75,9,0,0
BRDA:75,9,1,0
BRDA:82,10,0,0
BRDA:82,10,1,0
BRDA:89,11,0,0
BRDA:89,11,1,0
BRDA:91,12,0,0
BRDA:91,12,1,0
BRDA:94,13,0,0
BRDA:94,13,1,0
BRDA:99,14,0,0
BRDA:99,14,1,0
BRDA:142,15,0,0
BRDA:142,15,1,0
BRDA:146,16,0,0
BRDA:146,16,1,0
BRDA:149,17,0,0
BRDA:149,17,1,0
BRDA:158,18,0,0
BRDA:158,18,1,0
BRDA:158,19,0,0
BRDA:158,19,1,0
BRDA:158,19,2,0
BRDA:162,20,0,0
BRDA:162,20,1,0
BRDA:168,21,0,0
BRDA:168,21,1,0
BRDA:174,22,0,0
BRDA:174,22,1,0
BRDA:178,23,0,0
BRDA:178,23,1,0
BRDA:184,24,0,0
BRDA:184,24,1,0
BRDA:184,25,0,0
BRDA:184,25,1,0
BRDA:197,26,0,0
BRDA:197,26,1,0
BRDA:201,27,0,0
BRDA:201,27,1,0
BRDA:202,28,0,0
BRDA:202,28,1,0
BRF:59
BRH:0
end_of_record
TN:
SF:src/components/auth/CountryCodeSelector.tsx
FN:25,(anonymous_0)
FN:36,(anonymous_1)
FN:40,(anonymous_2)
FN:46,(anonymous_3)
FN:52,(anonymous_4)
FN:55,(anonymous_5)
FN:70,(anonymous_6)
FN:77,(anonymous_7)
FN:129,(anonymous_8)
FN:150,(anonymous_9)
FN:291,(anonymous_10)
FN:292,(anonymous_11)
FN:294,(anonymous_12)
FNF:13
FNH:0
FNDA:0,(anonymous_0)
FNDA:0,(anonymous_1)
FNDA:0,(anonymous_2)
FNDA:0,(anonymous_3)
FNDA:0,(anonymous_4)
FNDA:0,(anonymous_5)
FNDA:0,(anonymous_6)
FNDA:0,(anonymous_7)
FNDA:0,(anonymous_8)
FNDA:0,(anonymous_9)
FNDA:0,(anonymous_10)
FNDA:0,(anonymous_11)
FNDA:0,(anonymous_12)
DA:25,0
DA:31,0
DA:32,0
DA:33,0
DA:36,0
DA:37,0
DA:40,0
DA:41,0
DA:42,0
DA:43,0
DA:46,0
DA:47,0
DA:48,0
DA:49,0
DA:52,0
DA:53,0
DA:55,0
DA:70,0
DA:72,0
DA:77,0
DA:129,0
DA:150,0
DA:162,0
DA:291,0
DA:292,0
DA:294,0
DA:295,0
DA:298,0
LF:28
LH:0
BRDA:28,0,0,0
BRDA:76,1,0,0
BRDA:76,1,1,0
BRDA:77,2,0,0
BRDA:77,2,1,0
BRDA:87,3,0,0
BRDA:87,3,1,0
BRDA:127,4,0,0
BRDA:127,4,1,0
BRF:9
BRH:0
end_of_record
TN:
SF:src/components/auth/EmailVerificationBanner.tsx
FN:19,(anonymous_0)
FN:23,(anonymous_1)
FN:33,(anonymous_2)
FN:55,(anonymous_3)
FNF:4
FNH:0
FNDA:0,(anonymous_0)
FNDA:0,(anonymous_1)
FNDA:0,(anonymous_2)
FNDA:0,(anonymous_3)
DA:19,0
DA:20,0
DA:23,0
DA:24,0
DA:25,0
DA:26,0
DA:29,0
DA:30,0
DA:33,0
DA:34,0
DA:35,0
DA:36,0
DA:37,0
DA:43,0
DA:44,0
DA:46,0
DA:51,0
DA:55,0
DA:56,0
DA:59,0
DA:99,0
LF:21
LH:0
BRDA:20,0,0,0
BRDA:20,0,1,0
BRDA:20,0,2,0
BRDA:20,0,3,0
BRDA:29,1,0,0
BRDA:29,1,1,0
BRDA:29,2,0,0
BRDA:29,2,1,0
BRDA:29,2,2,0
BRDA:29,2,3,0
BRDA:83,3,0,0
BRDA:83,3,1,0
BRF:12
BRH:0
end_of_record
TN:
SF:src/components/auth/EmailVerificationScreen.tsx
FN:30,(anonymous_0)
FN:42,(anonymous_1)
FN:43,(anonymous_2)
FN:66,(anonymous_3)
FN:70,(anonymous_4)
FN:72,(anonymous_5)
FN:75,(anonymous_6)
FN:79,(anonymous_7)
FN:105,(anonymous_8)
FN:132,(anonymous_9)
FNF:10
FNH:0
FNDA:0,(anonymous_0)
FNDA:0,(anonymous_1)
FNDA:0,(anonymous_2)
FNDA:0,(anonymous_3)
FNDA:0,(anonymous_4)
FNDA:0,(anonymous_5)
FNDA:0,(anonymous_6)
FNDA:0,(anonymous_7)
FNDA:0,(anonymous_8)
FNDA:0,(anonymous_9)
DA:30,0
DA:35,0
DA:36,0
DA:37,0
DA:38,0
DA:39,0
DA:42,0
DA:43,0
DA:44,0
DA:45,0
DA:46,0
DA:48,0
DA:49,0
DA:51,0
DA:52,0
DA:55,0
DA:57,0
DA:63,0
DA:64,0
DA:66,0
DA:70,0
DA:71,0
DA:72,0
DA:73,0
DA:75,0
DA:79,0
DA:80,0
DA:82,0
DA:83,0
DA:84,0
DA:85,0
DA:87,0
DA:93,0
DA:94,0
DA:96,0
DA:101,0
DA:105,0
DA:106,0
DA:107,0
DA:108,0
DA:109,0
DA:110,0
DA:111,0
DA:117,0
DA:125,0
DA:126,0
DA:128,0
DA:132,0
DA:133,0
DA:147,0
DA:221,0
LF:51
LH:0
BRDA:44,0,0,0
BRDA:44,0,1,0
BRDA:44,1,0,0
BRDA:44,1,1,0
BRDA:48,2,0,0
BRDA:48,2,1,0
BRDA:51,3,0,0
BRDA:51,3,1,0
BRDA:71,4,0,0
BRDA:71,4,1,0
BRDA:80,5,0,0
BRDA:80,5,1,0
BRDA:108,6,0,0
BRDA:108,6,1,0
BRDA:108,7,0,0
BRDA:108,7,1,0
BRDA:110,8,0,0
BRDA:110,8,1,0
BRDA:150,9,0,0
BRDA:150,9,1,0
BRDA:177,10,0,0
BRDA:177,10,1,0
BRDA:186,11,0,0
BRDA:186,11,1,0
BRDA:193,12,0,0
BRDA:193,12,1,0
BRF:26
BRH:0
end_of_record
TN:
SF:src/components/auth/LoadingOverlay.tsx
FN:20,(anonymous_0)
FN:26,(anonymous_1)
FN:37,(anonymous_2)
FNF:3
FNH:0
FNDA:0,(anonymous_0)
FNDA:0,(anonymous_1)
FNDA:0,(anonymous_2)
DA:20,0
DA:26,0
DA:27,0
DA:29,0
DA:31,0
DA:33,0
DA:37,0
DA:38,0
DA:40,0
DA:42,0
DA:44,0
DA:48,0
DA:82,0
LF:13
LH:0
BRDA:22,0,0,0
BRDA:24,1,0,0
BRDA:27,2,0,0
BRDA:27,2,1,0
BRDA:27,2,2,0
BRDA:38,3,0,0
BRDA:38,3,1,0
BRDA:38,3,2,0
BRDA:64,4,0,0
BRDA:64,4,1,0
BRDA:68,5,0,0
BRDA:68,5,1,0
BRF:12
BRH:0
end_of_record
TN:
SF:src/components/auth/LoginScreen.tsx
FN:40,(anonymous_0)
FN:50,(anonymous_1)
FN:55,(anonymous_2)
FN:62,(anonymous_3)
FN:81,(anonymous_4)
FN:116,(anonymous_5)
FN:140,(anonymous_6)
FN:148,(anonymous_7)
FN:187,(anonymous_8)
FN:192,(anonymous_9)
FN:211,(anonymous_10)
FN:227,(anonymous_11)
FN:235,(anonymous_12)
FN:299,(anonymous_13)
FN:330,(anonymous_14)
FN:331,(anonymous_15)
FN:361,(anonymous_16)
FN:362,(anonymous_17)
FNF:18
FNH:0
FNDA:0,(anonymous_0)
FNDA:0,(anonymous_1)
FNDA:0,(anonymous_2)
FNDA:0,(anonymous_3)
FNDA:0,(anonymous_4)
FNDA:0,(anonymous_5)
FNDA:0,(anonymous_6)
FNDA:0,(anonymous_7)
FNDA:0,(anonymous_8)
FNDA:0,(anonymous_9)
FNDA:0,(anonymous_10)
FNDA:0,(anonymous_11)
FNDA:0,(anonymous_12)
FNDA:0,(anonymous_13)
FNDA:0,(anonymous_14)
FNDA:0,(anonymous_15)
FNDA:0,(anonymous_16)
FNDA:0,(anonymous_17)
DA:40,0
DA:41,0
DA:42,0
DA:43,0
DA:45,0
DA:46,0
DA:47,0
DA:50,0
DA:51,0
DA:52,0
DA:55,0
DA:56,0
DA:57,0
DA:59,0
DA:60,0
DA:62,0
DA:63,0
DA:66,0
DA:67,0
DA:68,0
DA:71,0
DA:72,0
DA:73,0
DA:74,0
DA:77,0
DA:78,0
DA:81,0
DA:82,0
DA:85,0
DA:86,0
DA:88,0
DA:89,0
DA:90,0
DA:94,0
DA:98,0
DA:106,0
DA:108,0
DA:109,0
DA:110,0
DA:113,0
DA:116,0
DA:117,0
DA:122,0
DA:133,0
DA:136,0
DA:137,0
DA:140,0
DA:141,0
DA:148,0
DA:153,0
DA:155,0
DA:166,0
DA:170,0
DA:171,0
DA:172,0
DA:173,0
DA:175,0
DA:179,0
DA:187,0
DA:188,0
DA:192,0
DA:193,0
DA:194,0
DA:195,0
DA:197,0
DA:212,0
DA:222,0
DA:227,0
DA:228,0
DA:229,0
DA:230,0
DA:232,0
DA:235,0
DA:242,0
DA:246,0
DA:299,0
DA:331,0
DA:332,0
DA:362,0
DA:363,0
DA:391,0
LF:81
LH:0
BRDA:67,0,0,0
BRDA:67,0,1,0
BRDA:71,1,0,0
BRDA:71,1,1,0
BRDA:73,2,0,0
BRDA:73,2,1,0
BRDA:82,3,0,0
BRDA:82,3,1,0
BRDA:86,4,0,0
BRDA:86,4,1,0
BRDA:88,5,0,0
BRDA:88,5,1,0
BRDA:136,6,0,0
BRDA:136,6,1,0
BRDA:153,7,0,0
BRDA:153,7,1,0
BRDA:153,8,0,0
BRDA:153,8,1,0
BRDA:170,9,0,0
BRDA:170,9,1,0
BRDA:172,10,0,0
BRDA:172,10,1,0
BRDA:181,11,0,0
BRDA:181,11,1,0
BRDA:199,12,0,0
BRDA:199,12,1,0
BRDA:200,13,0,0
BRDA:200,13,1,0
BRDA:201,14,0,0
BRDA:201,14,1,0
BRDA:202,15,0,0
BRDA:202,15,1,0
BRDA:202,16,0,0
BRDA:202,16,1,0
BRDA:203,17,0,0
BRDA:203,17,1,0
BRDA:204,18,0,0
BRDA:204,18,1,0
BRDA:205,19,0,0
BRDA:205,19,1,0
BRDA:206,20,0,0
BRDA:206,20,1,0
BRDA:209,21,0,0
BRDA:209,21,1,0
BRDA:230,22,0,0
BRDA:230,22,1,0
BRDA:236,23,0,0
BRDA:236,23,1,0
BRDA:237,24,0,0
BRDA:237,24,1,0
BRDA:238,25,0,0
BRDA:238,25,1,0
BRDA:250,26,0,0
BRDA:250,26,1,0
BRDA:319,27,0,0
BRDA:319,27,1,0
BRDA:323,28,0,0
BRDA:323,28,1,0
BRDA:339,29,0,0
BRDA:339,29,1,0
BRF:60
BRH:0
end_of_record
TN:
SF:src/components/auth/PasswordResetScreen.tsx
FN:28,(anonymous_0)
FN:37,(anonymous_1)
FN:38,(anonymous_2)
FN:46,(anonymous_3)
FN:59,(anonymous_4)
FN:87,(anonymous_5)
FN:94,(anonymous_6)
FN:117,(anonymous_7)
FNF:8
FNH:0
FNDA:0,(anonymous_0)
FNDA:0,(anonymous_1)
FNDA:0,(anonymous_2)
FNDA:0,(anonymous_3)
FNDA:0,(anonymous_4)
FNDA:0,(anonymous_5)
FNDA:0,(anonymous_6)
FNDA:0,(anonymous_7)
DA:28,0
DA:29,0
DA:30,0
DA:31,0
DA:32,0
DA:33,0
DA:34,0
DA:37,0
DA:38,0
DA:39,0
DA:40,0
DA:41,0
DA:46,0
DA:47,0
DA:50,0
DA:51,0
DA:52,0
DA:55,0
DA:56,0
DA:59,0
DA:60,0
DA:63,0
DA:64,0
DA:66,0
DA:67,0
DA:68,0
DA:73,0
DA:76,0
DA:77,0
DA:78,0
DA:79,0
DA:81,0
DA:89,0
DA:90,0
DA:94,0
DA:95,0
DA:96,0
DA:105,0
DA:106,0
DA:109,0
DA:113,0
DA:117,0
DA:118,0
DA:121,0
DA:122,0
DA:173,0
DA:232,0
LF:47
LH:0
BRDA:40,0,0,0
BRDA:40,0,1,0
BRDA:51,1,0,0
BRDA:51,1,1,0
BRDA:60,2,0,0
BRDA:60,2,1,0
BRDA:64,3,0,0
BRDA:64,3,1,0
BRDA:66,4,0,0
BRDA:66,4,1,0
BRDA:89,5,0,0
BRDA:89,5,1,0
BRDA:95,6,0,0
BRDA:95,6,1,0
BRDA:121,7,0,0
BRDA:121,7,1,0
BRDA:125,8,0,0
BRDA:125,8,1,0
BRDA:176,9,0,0
BRDA:176,9,1,0
BRDA:214,10,0,0
BRDA:214,10,1,0
BRF:22
BRH:0
end_of_record
TN:
SF:src/components/auth/PhoneNumberInput.tsx
FN:33,(anonymous_0)
FN:52,(anonymous_1)
FN:59,(anonymous_2)
FN:64,(anonymous_3)
FN:75,(anonymous_4)
FN:93,(anonymous_5)
FN:114,(anonymous_6)
FN:150,(anonymous_7)
FN:151,(anonymous_8)
FNF:9
FNH:0
FNDA:0,(anonymous_0)
FNDA:0,(anonymous_1)
FNDA:0,(anonymous_2)
FNDA:0,(anonymous_3)
FNDA:0,(anonymous_4)
FNDA:0,(anonymous_5)
FNDA:0,(anonymous_6)
FNDA:0,(anonymous_7)
FNDA:0,(anonymous_8)
DA:33,0
DA:46,0
DA:47,0
DA:48,0
DA:49,0
DA:52,0
DA:53,0
DA:54,0
DA:59,0
DA:60,0
DA:64,0
DA:65,0
DA:66,0
DA:67,0
DA:68,0
DA:69,0
DA:75,0
DA:76,0
DA:77,0
DA:80,0
DA:81,0
DA:82,0
DA:83,0
DA:86,0
DA:87,0
DA:88,0
DA:93,0
DA:94,0
DA:95,0
DA:96,0
DA:99,0
DA:100,0
DA:101,0
DA:102,0
DA:103,0
DA:105,0
DA:111,0
DA:114,0
DA:115,0
DA:118,0
DA:150,0
DA:151,0
DA:176,0
LF:43
LH:0
BRDA:39,0,0,0
BRDA:40,1,0,0
BRDA:43,2,0,0
BRDA:53,3,0,0
BRDA:53,3,1,0
BRDA:65,4,0,0
BRDA:65,4,1,0
BRDA:65,5,0,0
BRDA:65,5,1,0
BRDA:65,5,2,0
BRDA:67,6,0,0
BRDA:67,6,1,0
BRDA:86,7,0,0
BRDA:86,7,1,0
BRDA:86,8,0,0
BRDA:86,8,1,0
BRDA:99,9,0,0
BRDA:99,9,1,0
BRDA:101,10,0,0
BRDA:101,10,1,0
BRDA:111,11,0,0
BRDA:111,11,1,0
BRDA:121,12,0,0
BRDA:121,12,1,0
BRDA:128,13,0,0
BRDA:128,13,1,0
BRDA:129,14,0,0
BRDA:129,14,1,0
BRDA:130,15,0,0
BRDA:130,15,1,0
BRDA:162,16,0,0
BRDA:162,16,1,0
BRDA:162,16,2,0
BRDA:167,17,0,0
BRDA:167,17,1,0
BRF:35
BRH:0
end_of_record
TN:
SF:src/components/auth/RecaptchaContainer.tsx
FN:13,(anonymous_0)
FN:19,(anonymous_1)
FNF:2
FNH:0
FNDA:0,(anonymous_0)
FNDA:0,(anonymous_1)
DA:13,0
DA:17,0
DA:19,0
DA:23,0
DA:25,0
DA:26,0
DA:28,0
DA:29,0
DA:30,0
DA:31,0
DA:32,0
DA:33,0
DA:34,0
DA:35,0
DA:38,0
DA:41,0
DA:42,0
DA:45,0
DA:46,0
DA:51,0
DA:54,0
LF:21
LH:0
BRDA:25,0,0,0
BRDA:25,0,1,0
BRDA:28,1,0,0
BRDA:28,1,1,0
BRF:4
BRH:0
end_of_record
TN:
SF:src/components/auth/RegistrationComponents.tsx
FN:17,(anonymous_0)
FN:81,(anonymous_1)
FN:104,(anonymous_2)
FNF:3
FNH:0
FNDA:0,(anonymous_0)
FNDA:0,(anonymous_1)
FNDA:0,(anonymous_2)
DA:17,0
DA:24,0
DA:81,0
DA:85,0
DA:104,0
DA:112,0
DA:186,0
LF:7
LH:0
BRDA:22,0,0,0
BRDA:29,1,0,0
BRDA:29,1,1,0
BRDA:29,1,2,0
BRDA:83,2,0,0
BRDA:107,3,0,0
BRDA:108,4,0,0
BRDA:116,5,0,0
BRDA:116,5,1,0
BRDA:116,5,2,0
BRDA:132,6,0,0
BRDA:132,6,1,0
BRDA:135,7,0,0
BRDA:135,7,1,0
BRDA:140,8,0,0
BRDA:140,8,1,0
BRDA:150,9,0,0
BRDA:150,9,1,0
BRDA:152,10,0,0
BRDA:152,10,1,0
BRF:20
BRH:0
end_of_record
TN:
SF:src/components/auth/SimpleInput.tsx
FN:10,(anonymous_0)
FN:31,(anonymous_1)
FN:32,(anonymous_2)
FNF:3
FNH:0
FNDA:0,(anonymous_0)
FNDA:0,(anonymous_1)
FNDA:0,(anonymous_2)
DA:10,0
DA:16,0
DA:18,0
DA:31,0
DA:32,0
DA:41,0
LF:6
LH:0
BRDA:13,0,0,0
BRDA:21,1,0,0
BRDA:21,1,1,0
BRDA:25,2,0,0
BRDA:25,2,1,0
BRDA:26,3,0,0
BRDA:26,3,1,0
BRDA:36,4,0,0
BRDA:36,4,1,0
BRF:9
BRH:0
end_of_record
TN:
SF:src/components/auth/SocialAuthButtons.tsx
FN:13,(anonymous_0)
FN:22,(anonymous_1)
FN:26,(anonymous_2)
FN:45,(anonymous_3)
FNF:4
FNH:0
FNDA:0,(anonymous_0)
FNDA:0,(anonymous_1)
FNDA:0,(anonymous_2)
FNDA:0,(anonymous_3)
DA:13,0
DA:17,0
DA:18,0
DA:19,0
DA:20,0
DA:22,0
DA:23,0
DA:26,0
DA:27,0
DA:29,0
DA:30,0
DA:31,0
DA:32,0
DA:33,0
DA:34,0
DA:36,0
DA:39,0
DA:41,0
DA:45,0
DA:46,0
DA:48,0
DA:49,0
DA:50,0
DA:51,0
DA:52,0
DA:53,0
DA:55,0
DA:58,0
DA:60,0
DA:64,0
DA:65,0
DA:68,0
DA:137,0
LF:33
LH:0
BRDA:15,0,0,0
BRDA:27,1,0,0
BRDA:27,1,1,0
BRDA:27,2,0,0
BRDA:27,2,1,0
BRDA:33,3,0,0
BRDA:33,3,1,0
BRDA:39,4,0,0
BRDA:39,4,1,0
BRDA:46,5,0,0
BRDA:46,5,1,0
BRDA:46,6,0,0
BRDA:46,6,1,0
BRDA:52,7,0,0
BRDA:52,7,1,0
BRDA:58,8,0,0
BRDA:58,8,1,0
BRDA:64,9,0,0
BRDA:64,9,1,0
BRDA:64,10,0,0
BRDA:64,10,1,0
BRDA:77,11,0,0
BRDA:77,11,1,0
BRDA:79,12,0,0
BRDA:79,12,1,0
BRDA:81,13,0,0
BRDA:81,13,1,0
BRDA:84,14,0,0
BRDA:84,14,1,0
BRDA:89,15,0,0
BRDA:89,15,1,0
BRDA:106,16,0,0
BRDA:106,16,1,0
BRDA:106,16,2,0
BRDA:108,17,0,0
BRDA:108,17,1,0
BRDA:110,18,0,0
BRDA:110,18,1,0
BRDA:113,19,0,0
BRDA:113,19,1,0
BRDA:118,20,0,0
BRDA:118,20,1,0
BRF:42
BRH:0
end_of_record
TN:
SF:src/components/icons/AppIcons.tsx
FN:11,(anonymous_0)
FN:30,(anonymous_1)
FN:41,(anonymous_2)
FN:53,(anonymous_3)
FN:64,(anonymous_4)
FN:75,(anonymous_5)
FN:87,(anonymous_6)
FN:94,(anonymous_7)
FN:106,(anonymous_8)
FN:119,(anonymous_9)
FN:133,(anonymous_10)
FN:147,(anonymous_11)
FN:165,(anonymous_12)
FN:177,(anonymous_13)
FN:195,(anonymous_14)
FN:207,(anonymous_15)
FNF:16
FNH:0
FNDA:0,(anonymous_0)
FNDA:0,(anonymous_1)
FNDA:0,(anonymous_2)
FNDA:0,(anonymous_3)
FNDA:0,(anonymous_4)
FNDA:0,(anonymous_5)
FNDA:0,(anonymous_6)
FNDA:0,(anonymous_7)
FNDA:0,(anonymous_8)
FNDA:0,(anonymous_9)
FNDA:0,(anonymous_10)
FNDA:0,(anonymous_11)
FNDA:0,(anonymous_12)
FNDA:0,(anonymous_13)
FNDA:0,(anonymous_14)
FNDA:0,(anonymous_15)
DA:11,0
DA:12,0
DA:30,0
DA:31,0
DA:41,0
DA:42,0
DA:53,0
DA:54,0
DA:64,0
DA:65,0
DA:75,0
DA:76,0
DA:87,0
DA:88,0
DA:94,0
DA:95,0
DA:106,0
DA:107,0
DA:119,0
DA:120,0
DA:133,0
DA:134,0
DA:147,0
DA:148,0
DA:165,0
DA:166,0
DA:177,0
DA:178,0
DA:195,0
DA:196,0
DA:207,0
DA:208,0
LF:32
LH:0
BRDA:11,0,0,0
BRDA:11,1,0,0
BRDA:16,2,0,0
BRDA:16,2,1,0
BRDA:23,3,0,0
BRDA:23,3,1,0
BRDA:30,4,0,0
BRDA:30,5,0,0
BRDA:35,6,0,0
BRDA:35,6,1,0
BRDA:41,7,0,0
BRDA:41,8,0,0
BRDA:46,9,0,0
BRDA:46,9,1,0
BRDA:53,10,0,0
BRDA:64,11,0,0
BRDA:75,12,0,0
BRDA:87,13,0,0
BRDA:94,14,0,0
BRDA:106,15,0,0
BRDA:119,16,0,0
BRDA:133,17,0,0
BRDA:147,18,0,0
BRDA:165,19,0,0
BRDA:177,20,0,0
BRDA:195,21,0,0
BRDA:207,22,0,0
BRF:27
BRH:0
end_of_record
TN:
SF:src/components/icons/LiveIcon.tsx
FN:10,(anonymous_0)
FNF:1
FNH:0
FNDA:0,(anonymous_0)
DA:10,0
DA:11,0
LF:2
LH:0
BRDA:16,0,0,0
BRDA:16,0,1,0
BRDA:26,1,0,0
BRDA:26,1,1,0
BRF:4
BRH:0
end_of_record
TN:
SF:src/components/icons/MessagesIcon.tsx
FN:10,(anonymous_0)
FNF:1
FNH:0
FNDA:0,(anonymous_0)
DA:10,0
DA:11,0
LF:2
LH:0
BRDA:16,0,0,0
BRDA:16,0,1,0
BRDA:24,1,0,0
BRDA:24,1,1,0
BRF:4
BRH:0
end_of_record
TN:
SF:src/components/icons/MiningIcon.tsx
FN:10,(anonymous_0)
FNF:1
FNH:0
FNDA:0,(anonymous_0)
DA:10,0
DA:11,0
LF:2
LH:0
BRDA:18,0,0,0
BRDA:18,0,1,0
BRDA:24,1,0,0
BRDA:24,1,1,0
BRDA:32,2,0,0
BRDA:32,2,1,0
BRDA:38,3,0,0
BRDA:38,3,1,0
BRF:8
BRH:0
end_of_record
TN:
SF:src/components/icons/MusicIcon.tsx
FN:10,(anonymous_0)
FNF:1
FNH:0
FNDA:0,(anonymous_0)
DA:10,0
DA:11,0
LF:2
LH:0
BRDA:18,0,0,0
BRDA:18,0,1,0
BRDA:26,1,0,0
BRDA:26,1,1,0
BRDA:32,2,0,0
BRDA:32,2,1,0
BRF:6
BRH:0
end_of_record
TN:
SF:src/components/icons/RanksIcon.tsx
FN:10,(anonymous_0)
FNF:1
FNH:0
FNDA:0,(anonymous_0)
DA:10,0
DA:11,0
LF:2
LH:0
BRDA:16,0,0,0
BRDA:16,0,1,0
BRDA:28,1,0,0
BRDA:28,1,1,0
BRDA:34,2,0,0
BRDA:34,2,1,0
BRDA:40,3,0,0
BRDA:40,3,1,0
BRF:8
BRH:0
end_of_record
TN:
SF:src/components/icons/ShopIcon.tsx
FN:10,(anonymous_0)
FNF:1
FNH:0
FNDA:0,(anonymous_0)
DA:10,0
DA:11,0
LF:2
LH:0
BRDA:16,0,0,0
BRDA:16,0,1,0
BRDA:24,1,0,0
BRDA:24,1,1,0
BRF:4
BRH:0
end_of_record
TN:
SF:src/components/icons/SidebarIcons.tsx
FN:10,(anonymous_0)
FN:21,(anonymous_1)
FN:32,(anonymous_2)
FN:52,(anonymous_3)
FN:78,(anonymous_4)
FN:89,(anonymous_5)
FN:100,(anonymous_6)
FNF:7
FNH:0
FNDA:0,(anonymous_0)
FNDA:0,(anonymous_1)
FNDA:0,(anonymous_2)
FNDA:0,(anonymous_3)
FNDA:0,(anonymous_4)
FNDA:0,(anonymous_5)
FNDA:0,(anonymous_6)
DA:10,0
DA:11,0
DA:21,0
DA:22,0
DA:32,0
DA:33,0
DA:52,0
DA:53,0
DA:78,0
DA:79,0
DA:89,0
DA:90,0
DA:100,0
DA:101,0
LF:14
LH:0
BRDA:10,0,0,0
BRDA:10,1,0,0
BRDA:15,2,0,0
BRDA:15,2,1,0
BRDA:21,3,0,0
BRDA:21,4,0,0
BRDA:26,5,0,0
BRDA:26,5,1,0
BRDA:32,6,0,0
BRDA:32,7,0,0
BRDA:39,8,0,0
BRDA:39,8,1,0
BRDA:45,9,0,0
BRDA:45,9,1,0
BRDA:52,10,0,0
BRDA:52,11,0,0
BRDA:57,12,0,0
BRDA:57,12,1,0
BRDA:64,13,0,0
BRDA:64,13,1,0
BRDA:71,14,0,0
BRDA:71,14,1,0
BRDA:78,15,0,0
BRDA:78,16,0,0
BRDA:83,17,0,0
BRDA:83,17,1,0
BRDA:89,18,0,0
BRDA:89,19,0,0
BRDA:94,20,0,0
BRDA:94,20,1,0
BRDA:100,21,0,0
BRDA:100,22,0,0
BRDA:105,23,0,0
BRDA:105,23,1,0
BRF:34
BRH:0
end_of_record
TN:
SF:src/components/onboarding/DiscordSegmentedControl.tsx
FN:17,(anonymous_0)
FN:25,(anonymous_1)
FN:39,(anonymous_2)
FN:63,(anonymous_3)
FNF:4
FNH:0
FNDA:0,(anonymous_0)
[...]
FNF:29
FNH:0
FNDA:0,(anonymous_0)
FNDA:0,(anonymous_1)
FNDA:0,(anonymous_2)
FNDA:0,(anonymous_3)
FNDA:0,(anonymous_4)
FNDA:0,(anonymous_5)
FNDA:0,(anonymous_6)
FNDA:0,(anonymous_7)
FNDA:0,(anonymous_8)
FNDA:0,(anonymous_9)
FNDA:0,(anonymous_10)
FNDA:0,(anonymous_11)
FNDA:0,(anonymous_12)
FNDA:0,(anonymous_13)
FNDA:0,(anonymous_14)
FNDA:0,(anonymous_15)
FNDA:0,(anonymous_16)
FNDA:0,(anonymous_17)
FNDA:0,(anonymous_18)
FNDA:0,(anonymous_19)
FNDA:0,(anonymous_20)
FNDA:0,(anonymous_21)
FNDA:0,(anonymous_22)
FNDA:0,(anonymous_23)
FNDA:0,(anonymous_24)
FNDA:0,(anonymous_25)
FNDA:0,(anonymous_26)
FNDA:0,(anonymous_27)
FNDA:0,(anonymous_28)
DA:12,0
DA:19,0
DA:26,0
DA:33,0
DA:40,0
DA:47,0
DA:55,0
DA:56,0
DA:57,0
DA:58,0
DA:59,0
DA:61,0
DA:62,0
DA:64,0
DA:66,0
DA:69,0
DA:72,0
DA:73,0
DA:81,0
DA:83,0
DA:85,0
DA:86,0
DA:88,0
DA:90,0
DA:92,0
DA:93,0
DA:94,0
DA:101,0
DA:102,0
DA:103,0
DA:104,0
DA:106,0
DA:113,0
DA:114,0
DA:116,0
DA:126,0
DA:128,0
DA:129,0
DA:133,0
DA:137,0
DA:151,0
DA:152,0
DA:153,0
DA:154,0
DA:155,0
DA:156,0
DA:157,0
DA:158,0
DA:159,0
DA:162,0
DA:163,0
DA:164,0
DA:165,0
DA:167,0
DA:172,0
DA:183,0
DA:184,0
DA:186,0
DA:187,0
DA:195,0
DA:197,0
DA:198,0
DA:200,0
DA:201,0
DA:209,0
DA:211,0
DA:212,0
DA:213,0
DA:215,0
DA:216,0
DA:220,0
DA:221,0
DA:222,0
DA:224,0
DA:225,0
DA:229,0
DA:231,0
DA:239,0
DA:254,0
DA:255,0
LF:80
LH:0
BRDA:12,0,0,0
BRDA:12,0,1,0
BRDA:56,1,0,0
BRDA:56,1,1,0
BRDA:58,2,0,0
BRDA:58,2,1,0
BRDA:64,3,0,0
BRDA:64,3,1,0
BRDA:85,4,0,0
BRDA:85,4,1,0
BRDA:93,5,0,0
BRDA:93,5,1,0
BRDA:93,6,0,0
BRDA:93,6,1,0
BRDA:101,7,0,0
BRDA:101,7,1,0
BRDA:113,8,0,0
BRDA:113,8,1,0
BRDA:152,9,0,0
BRDA:152,9,1,0
BRDA:152,10,0,0
BRDA:152,10,1,0
BRDA:154,11,0,0
BRDA:154,11,1,0
BRDA:154,12,0,0
BRDA:154,12,1,0
BRDA:156,13,0,0
BRDA:156,13,1,0
BRDA:156,14,0,0
BRDA:156,14,1,0
BRDA:158,15,0,0
BRDA:158,15,1,0
BRDA:163,16,0,0
BRDA:163,16,1,0
BRDA:186,17,0,0
BRDA:186,17,1,0
BRDA:198,18,0,0
BRDA:198,18,1,0
BRDA:229,19,0,0
BRDA:229,19,1,0
BRF:40
BRH:0
end_of_record
TN:
SF:src/utils/storageUtils.ts
FN:17,(anonymous_0)
FN:67,(anonymous_1)
FN:123,(anonymous_2)
FN:144,(anonymous_3)
FN:163,(anonymous_4)
FN:176,(anonymous_5)
FN:194,(anonymous_6)
FNF:7
FNH:0
FNDA:0,(anonymous_0)
FNDA:0,(anonymous_1)
FNDA:0,(anonymous_2)
FNDA:0,(anonymous_3)
FNDA:0,(anonymous_4)
FNDA:0,(anonymous_5)
FNDA:0,(anonymous_6)
DA:17,0
DA:18,0
DA:19,0
DA:20,0
DA:22,0
DA:25,0
DA:38,0
DA:39,0
DA:42,0
DA:43,0
DA:44,0
DA:48,0
DA:49,0
DA:50,0
DA:51,0
DA:53,0
DA:56,0
DA:59,0
DA:60,0
DA:67,0
DA:68,0
DA:69,0
DA:70,0
DA:72,0
DA:75,0
DA:88,0
DA:89,0
DA:92,0
DA:93,0
DA:94,0
DA:98,0
DA:99,0
DA:101,0
DA:102,0
DA:104,0
DA:105,0
DA:106,0
DA:108,0
DA:112,0
DA:115,0
DA:116,0
DA:123,0
DA:124,0
DA:125,0
DA:126,0
DA:128,0
DA:131,0
DA:132,0
DA:133,0
DA:136,0
DA:137,0
DA:144,0
DA:145,0
DA:147,0
DA:148,0
DA:151,0
DA:152,0
DA:153,0
DA:155,0
DA:156,0
DA:163,0
DA:164,0
DA:165,0
DA:166,0
DA:168,0
DA:169,0
DA:176,0
DA:177,0
DA:178,0
DA:179,0
DA:181,0
DA:182,0
DA:183,0
DA:185,0
DA:187,0
DA:194,0
DA:199,0
DA:201,0
DA:203,0
DA:204,0
DA:206,0
DA:208,0
DA:209,0
DA:216,0
DA:224,0
LF:85
LH:0
BRDA:22,0,0,0
BRDA:22,0,1,0
BRDA:25,1,0,0
BRDA:25,1,1,0
BRDA:25,2,0,0
BRDA:25,2,1,0
BRDA:25,2,2,0
BRDA:25,2,3,0
BRDA:25,2,4,0
BRDA:25,2,5,0
BRDA:25,2,6,0
BRDA:25,2,7,0
BRDA:25,2,8,0
BRDA:25,2,9,0
BRDA:25,2,10,0
BRDA:38,3,0,0
BRDA:38,3,1,0
BRDA:42,4,0,0
BRDA:42,4,1,0
BRDA:48,5,0,0
BRDA:48,5,1,0
BRDA:48,6,0,0
BRDA:48,6,1,0
BRDA:49,7,0,0
BRDA:49,7,1,0
BRDA:50,8,0,0
BRDA:50,8,1,0
BRDA:72,9,0,0
BRDA:72,9,1,0
BRDA:75,10,0,0
BRDA:75,10,1,0
BRDA:75,11,0,0
BRDA:75,11,1,0
BRDA:75,11,2,0
BRDA:75,11,3,0
BRDA:75,11,4,0
BRDA:75,11,5,0
BRDA:75,11,6,0
BRDA:75,11,7,0
BRDA:75,11,8,0
BRDA:75,11,9,0
BRDA:75,11,10,0
BRDA:88,12,0,0
BRDA:88,12,1,0
BRDA:92,13,0,0
BRDA:92,13,1,0
BRDA:98,14,0,0
BRDA:98,14,1,0
BRDA:101,15,0,0
BRDA:101,15,1,0
BRDA:128,16,0,0
BRDA:128,16,1,0
BRDA:131,17,0,0
BRDA:131,17,1,0
BRDA:131,18,0,0
BRDA:131,18,1,0
BRDA:147,19,0,0
BRDA:147,19,1,0
BRDA:147,20,0,0
BRDA:147,20,1,0
BRDA:201,21,0,0
BRDA:201,21,1,0
BRDA:206,22,0,0
BRDA:206,22,1,0
BRDA:208,23,0,0
BRDA:208,23,1,0
BRDA:208,24,0,0
BRDA:208,24,1,0
BRDA:226,25,0,0
BRDA:226,25,1,0
BRF:70
BRH:0
end_of_record
TN:
SF:src/utils/streamCleanupUtility.ts
FN:13,(anonymous_0)
FN:39,(anonymous_1)
FN:114,(anonymous_2)
FN:126,(anonymous_3)
FN:153,(anonymous_4)
FN:175,(anonymous_5)
FNF:6
FNH:0
FNDA:0,(anonymous_0)
FNDA:0,(anonymous_1)
FNDA:0,(anonymous_2)
FNDA:0,(anonymous_3)
FNDA:0,(anonymous_4)
FNDA:0,(anonymous_5)
DA:19,0
DA:21,0
DA:28,0
DA:30,0
DA:31,0
DA:33,0
DA:35,0
DA:36,0
DA:37,0
DA:38,0
DA:39,0
DA:40,0
DA:42,0
DA:53,0
DA:55,0
DA:56,0
DA:57,0
DA:58,0
DA:59,0
DA:61,0
DA:64,0
DA:65,0
DA:66,0
DA:71,0
DA:75,0
DA:76,0
DA:77,0
DA:80,0
DA:81,0
DA:83,0
DA:85,0
DA:89,0
DA:90,0
DA:91,0
DA:95,0
DA:102,0
DA:105,0
DA:106,0
DA:107,0
DA:115,0
DA:117,0
DA:118,0
DA:119,0
DA:121,0
DA:123,0
DA:124,0
DA:125,0
DA:126,0
DA:128,0
DA:129,0
DA:131,0
DA:132,0
DA:133,0
DA:134,0
DA:136,0
DA:141,0
DA:142,0
DA:145,0
DA:146,0
DA:159,0
DA:161,0
DA:168,0
DA:169,0
DA:170,0
DA:172,0
DA:173,0
DA:174,0
DA:175,0
DA:176,0
DA:178,0
DA:179,0
DA:180,0
DA:181,0
DA:182,0
DA:183,0
DA:184,0
DA:185,0
DA:186,0
DA:188,0
DA:192,0
DA:193,0
DA:196,0
DA:197,0
DA:198,0
LF:84
LH:0
BRDA:37,0,0,0
BRDA:37,0,1,0
BRDA:53,1,0,0
BRDA:53,1,1,0
BRDA:53,1,2,0
BRDA:56,2,0,0
BRDA:56,2,1,0
BRDA:57,3,0,0
BRDA:57,3,1,0
BRDA:59,4,0,0
BRDA:59,4,1,0
BRDA:65,5,0,0
BRDA:65,5,1,0
BRDA:71,6,0,0
BRDA:71,6,1,0
BRDA:71,6,2,0
BRDA:71,6,3,0
BRDA:75,7,0,0
BRDA:75,7,1,0
BRDA:75,8,0,0
BRDA:75,8,1,0
BRDA:76,9,0,0
BRDA:76,9,1,0
BRDA:124,10,0,0
BRDA:124,10,1,0
BRDA:128,11,0,0
BRDA:128,11,1,0
BRDA:128,12,0,0
BRDA:128,12,1,0
BRDA:173,13,0,0
BRDA:173,13,1,0
BRDA:176,14,0,0
BRDA:176,14,1,0
BRDA:178,15,0,0
BRDA:178,15,1,0
BRDA:181,16,0,0
BRDA:181,16,1,0
BRDA:184,17,0,0
BRDA:184,17,1,0
BRF:39
BRH:0
end_of_record
TN:
SF:src/utils/streamLifecycleManager.ts
FN:20,(anonymous_0)
FN:46,(anonymous_1)
FN:47,(anonymous_2)
FN:86,(anonymous_3)
FN:97,(anonymous_4)
FN:108,(anonymous_5)
FN:127,(anonymous_6)
FN:150,(anonymous_7)
FN:171,(anonymous_8)
FN:197,(anonymous_9)
FN:225,(anonymous_10)
FN:245,(anonymous_11)
FNF:12
FNH:0
FNDA:0,(anonymous_0)
FNDA:0,(anonymous_1)
FNDA:0,(anonymous_2)
FNDA:0,(anonymous_3)
FNDA:0,(anonymous_4)
FNDA:0,(anonymous_5)
FNDA:0,(anonymous_6)
FNDA:0,(anonymous_7)
FNDA:0,(anonymous_8)
FNDA:0,(anonymous_9)
FNDA:0,(anonymous_10)
FNDA:0,(anonymous_11)
DA:15,0
DA:26,0
DA:27,0
DA:28,0
DA:31,0
DA:32,0
DA:33,0
DA:36,0
DA:37,0
DA:38,0
DA:43,0
DA:44,0
DA:46,0
DA:47,0
DA:53,0
DA:56,0
DA:57,0
DA:60,0
DA:63,0
DA:65,0
DA:68,0
DA:71,0
DA:72,0
DA:74,0
DA:77,0
DA:79,0
DA:87,0
DA:88,0
DA:92,0
DA:93,0
DA:97,0
DA:98,0
DA:99,0
DA:102,0
DA:109,0
DA:112,0
DA:115,0
DA:116,0
DA:118,0
DA:119,0
DA:120,0
DA:132,0
DA:133,0
DA:135,0
DA:139,0
DA:140,0
DA:143,0
DA:151,0
DA:152,0
DA:154,0
DA:156,0
DA:157,0
DA:158,0
DA:160,0
DA:164,0
DA:172,0
DA:173,0
DA:175,0
DA:178,0
DA:180,0
DA:181,0
DA:182,0
DA:183,0
DA:185,0
DA:190,0
DA:198,0
DA:200,0
DA:202,0
DA:205,0
DA:206,0
DA:207,0
DA:208,0
DA:209,0
DA:213,0
DA:215,0
DA:218,0
DA:226,0
DA:228,0
DA:230,0
DA:232,0
DA:234,0
DA:236,0
DA:238,0
DA:246,0
LF:84
LH:0
BRDA:26,0,0,0
BRDA:26,0,1,0
BRDA:37,1,0,0
BRDA:37,1,1,0
BRDA:43,2,0,0
BRDA:43,2,1,0
BRDA:45,3,0,0
BRDA:45,3,1,0
BRDA:46,4,0,0
BRDA:46,4,1,0
BRDA:47,5,0,0
BRDA:47,5,1,0
BRDA:87,6,0,0
BRDA:87,6,1,0
BRDA:92,7,0,0
BRDA:92,7,1,0
BRDA:92,8,0,0
BRDA:92,8,1,0
BRDA:98,9,0,0
BRDA:98,9,1,0
BRDA:118,10,0,0
BRDA:118,10,1,0
BRDA:133,11,0,0
BRDA:133,11,1,0
BRDA:156,12,0,0
BRDA:156,12,1,0
BRDA:156,13,0,0
BRDA:156,13,1,0
BRDA:173,14,0,0
BRDA:173,14,1,0
BRDA:206,15,0,0
BRDA:206,15,1,0
BRDA:226,16,0,0
BRDA:226,16,1,0
BRDA:226,16,2,0
BRDA:226,16,3,0
BRDA:226,16,4,0
BRDA:226,16,5,0
BRDA:236,17,0,0
BRDA:236,17,1,0
BRF:40
BRH:0
end_of_record
TN:
SF:src/utils/streamingTestUtils.ts
FN:32,(anonymous_0)
FN:37,(anonymous_1)
FN:38,(anonymous_2)
FN:39,(anonymous_3)
FN:40,(anonymous_4)
FN:41,(anonymous_5)
FN:42,(anonymous_6)
FN:43,(anonymous_7)
FN:44,(anonymous_8)
FN:45,(anonymous_9)
FN:46,(anonymous_10)
FN:67,(anonymous_11)
FN:84,(anonymous_12)
FN:125,(anonymous_13)
FN:174,(anonymous_14)
FN:229,(anonymous_15)
FN:274,(anonymous_16)
FN:319,(anonymous_17)
FN:391,(anonymous_18)
FN:435,(anonymous_19)
FN:466,(anonymous_20)
FN:498,(anonymous_21)
FN:543,(anonymous_22)
FN:544,(anonymous_23)
FN:550,(anonymous_24)
FNF:25
FNH:0
FNDA:0,(anonymous_0)
FNDA:0,(anonymous_1)
FNDA:0,(anonymous_2)
FNDA:0,(anonymous_3)
FNDA:0,(anonymous_4)
FNDA:0,(anonymous_5)
FNDA:0,(anonymous_6)
FNDA:0,(anonymous_7)
FNDA:0,(anonymous_8)
FNDA:0,(anonymous_9)
FNDA:0,(anonymous_10)
FNDA:0,(anonymous_11)
FNDA:0,(anonymous_12)
FNDA:0,(anonymous_13)
FNDA:0,(anonymous_14)
FNDA:0,(anonymous_15)
FNDA:0,(anonymous_16)
FNDA:0,(anonymous_17)
FNDA:0,(anonymous_18)
FNDA:0,(anonymous_19)
FNDA:0,(anonymous_20)
FNDA:0,(anonymous_21)
FNDA:0,(anonymous_22)
FNDA:0,(anonymous_23)
FNDA:0,(anonymous_24)
DA:27,0
DA:33,0
DA:34,0
DA:36,0
DA:37,0
DA:38,0
DA:39,0
DA:40,0
DA:41,0
DA:42,0
DA:43,0
DA:44,0
DA:45,0
DA:46,0
DA:49,0
DA:51,0
DA:52,0
DA:53,0
DA:54,0
DA:56,0
DA:57,0
DA:66,0
DA:67,0
DA:68,0
DA:70,0
DA:77,0
DA:78,0
DA:85,0
DA:87,0
DA:88,0
DA:91,0
DA:94,0
DA:96,0
DA:97,0
DA:100,0
DA:101,0
DA:102,0
DA:105,0
DA:113,0
DA:126,0
DA:128,0
DA:129,0
DA:131,0
DA:138,0
DA:139,0
DA:143,0
DA:150,0
DA:151,0
DA:154,0
DA:162,0
DA:175,0
DA:177,0
DA:178,0
DA:180,0
DA:181,0
DA:184,0
DA:186,0
DA:187,0
DA:191,0
DA:193,0
DA:194,0
DA:195,0
DA:199,0
DA:202,0
DA:204,0
DA:205,0
DA:206,0
DA:209,0
DA:217,0
DA:230,0
DA:232,0
DA:233,0
DA:236,0
DA:237,0
DA:239,0
DA:240,0
DA:244,0
DA:245,0
DA:247,0
DA:248,0
DA:252,0
DA:254,0
DA:262,0
DA:275,0
DA:277,0
DA:278,0
DA:281,0
DA:282,0
DA:284,0
DA:285,0
DA:289,0
DA:292,0
DA:293,0
DA:295,0
DA:296,0
DA:299,0
DA:307,0
DA:320,0
DA:322,0
DA:323,0
DA:326,0
DA:336,0
DA:346,0
DA:348,0
DA:349,0
DA:352,0
DA:353,0
DA:355,0
DA:356,0
DA:359,0
DA:360,0
DA:364,0
DA:365,0
DA:367,0
DA:368,0
DA:371,0
DA:379,0
DA:392,0
DA:394,0
DA:395,0
DA:398,0
DA:401,0
DA:403,0
DA:410,0
DA:412,0
DA:423,0
DA:436,0
DA:438,0
DA:439,0
DA:444,0
DA:446,0
DA:454,0
DA:467,0
DA:469,0
DA:470,0
DA:473,0
DA:476,0
DA:478,0
DA:486,0
DA:499,0
DA:501,0
DA:502,0
DA:505,0
DA:508,0
DA:510,0
DA:513,0
DA:515,0
DA:516,0
DA:519,0
DA:531,0
DA:544,0
DA:551,0
DA:555,0
LF:153
LH:0
BRDA:61,0,0,0
BRDA:61,0,1,0
BRDA:68,1,0,0
BRDA:68,1,1,0
BRDA:96,2,0,0
BRDA:96,2,1,0
BRDA:101,3,0,0
BRDA:101,3,1,0
BRDA:117,4,0,0
BRDA:117,4,1,0
BRDA:138,5,0,0
BRDA:138,5,1,0
BRDA:138,6,0,0
BRDA:138,6,1,0
BRDA:150,7,0,0
BRDA:150,7,1,0
BRDA:166,8,0,0
BRDA:166,8,1,0
BRDA:186,9,0,0
BRDA:186,9,1,0
BRDA:194,10,0,0
BRDA:194,10,1,0
BRDA:194,11,0,0
BRDA:194,11,1,0
BRDA:205,12,0,0
BRDA:205,12,1,0
BRDA:221,13,0,0
BRDA:221,13,1,0
BRDA:239,14,0,0
BRDA:239,14,1,0
BRDA:247,15,0,0
BRDA:247,15,1,0
BRDA:266,16,0,0
BRDA:266,16,1,0
BRDA:284,17,0,0
BRDA:284,17,1,0
BRDA:295,18,0,0
BRDA:295,18,1,0
BRDA:311,19,0,0
BRDA:311,19,1,0
BRDA:348,20,0,0
BRDA:348,20,1,0
BRDA:355,21,0,0
BRDA:355,21,1,0
BRDA:355,22,0,0
BRDA:355,22,1,0
BRDA:359,23,0,0
BRDA:359,23,1,0
BRDA:359,24,0,0
BRDA:359,24,1,0
BRDA:367,25,0,0
BRDA:367,25,1,0
BRDA:383,26,0,0
BRDA:383,26,1,0
BRDA:427,27,0,0
BRDA:427,27,1,0
BRDA:458,28,0,0
BRDA:458,28,1,0
BRDA:490,29,0,0
BRDA:490,29,1,0
BRDA:515,30,0,0
BRDA:515,30,1,0
BRDA:535,31,0,0
BRDA:535,31,1,0
BRF:64
BRH:0
end_of_record
TN:
SF:src/utils/testNotifications.ts
FN:7,(anonymous_0)
FN:82,(anonymous_1)
FN:105,(anonymous_2)
FN:119,(anonymous_3)
FN:120,(anonymous_4)
FN:121,(anonymous_5)
FN:122,(anonymous_6)
FNF:7
FNH:0
FNDA:0,(anonymous_0)
FNDA:0,(anonymous_1)
FNDA:0,(anonymous_2)
FNDA:0,(anonymous_3)
FNDA:0,(anonymous_4)
FNDA:0,(anonymous_5)
FNDA:0,(anonymous_6)
DA:7,0
DA:8,0
DA:9,0
DA:12,0
DA:23,0
DA:39,0
DA:56,0
DA:71,0
DA:72,0
DA:74,0
DA:75,0
DA:82,0
DA:83,0
DA:84,0
DA:87,0
DA:90,0
DA:91,0
DA:94,0
DA:95,0
DA:97,0
DA:98,0
DA:105,0
DA:106,0
DA:107,0
DA:110,0
DA:111,0
DA:114,0
DA:115,0
DA:118,0
DA:119,0
DA:120,0
DA:121,0
DA:122,0
DA:125,0
DA:127,0
DA:129,0
DA:130,0
LF:37
LH:0
BRDA:119,0,0,0
BRDA:119,0,1,0
BRDA:120,1,0,0
BRDA:120,1,1,0
BRDA:121,2,0,0
BRDA:121,2,1,0
BRDA:122,3,0,0
BRDA:122,3,1,0
BRF:8
BRH:0
end_of_record
TN:
SF:src/utils/testOnboardingFlow.ts
FN:25,(anonymous_0)
FN:40,(anonymous_1)
FN:88,(anonymous_2)
FN:100,(anonymous_3)
FN:108,(anonymous_4)
FN:118,(anonymous_5)
FN:140,(anonymous_6)
FNF:7
FNH:0
FNDA:0,(anonymous_0)
FNDA:0,(anonymous_1)
FNDA:0,(anonymous_2)
FNDA:0,(anonymous_3)
FNDA:0,(anonymous_4)
FNDA:0,(anonymous_5)
FNDA:0,(anonymous_6)
DA:7,0
DA:25,0
DA:26,0
DA:29,0
DA:30,0
DA:31,0
DA:35,0
DA:36,0
DA:40,0
DA:41,0
DA:43,0
DA:45,0
DA:46,0
DA:47,0
DA:50,0
DA:56,0
DA:62,0
DA:63,0
DA:65,0
DA:66,0
DA:67,0
DA:69,0
DA:70,0
DA:71,0
DA:72,0
DA:74,0
DA:78,0
DA:79,0
DA:80,0
DA:83,0
DA:88,0
DA:89,0
DA:91,0
DA:98,0
DA:99,0
DA:100,0
DA:101,0
DA:105,0
DA:107,0
DA:108,0
DA:109,0
DA:110,0
DA:111,0
DA:113,0
DA:118,0
DA:119,0
DA:122,0
DA:130,0
DA:131,0
DA:132,0
DA:133,0
DA:134,0
DA:140,0
DA:141,0
DA:143,0
DA:144,0
DA:146,0
DA:147,0
DA:149,0
DA:150,0
DA:152,0
DA:153,0
DA:155,0
DA:159,0
LF:64
LH:0
BRDA:31,0,0,0
BRDA:31,0,1,0
BRDA:31,1,0,0
BRDA:31,1,1,0
BRDA:36,2,0,0
BRDA:36,2,1,0
BRDA:36,3,0,0
BRDA:36,3,1,0
BRDA:65,4,0,0
BRDA:65,4,1,0
BRDA:65,5,0,0
BRDA:65,5,1,0
BRDA:80,6,0,0
BRDA:80,6,1,0
BRDA:113,7,0,0
BRDA:113,7,1,0
BRDA:113,8,0,0
BRDA:113,8,1,0
BRDA:113,9,0,0
BRDA:113,9,1,0
BRDA:133,10,0,0
BRDA:133,10,1,0
BRF:22
BRH:0
end_of_record
TN:
SF:src/utils/testProfileAnalyticsFixes.ts
FN:19,(anonymous_0)
FN:30,(anonymous_1)
FN:62,(anonymous_2)
FN:94,(anonymous_3)
FN:126,(anonymous_4)
FN:166,(anonymous_5)
FN:193,(anonymous_6)
FN:206,(anonymous_7)
FN:223,(anonymous_8)
FN:224,(anonymous_9)
FN:225,(anonymous_10)
FN:234,(anonymous_11)
FNF:12
FNH:0
FNDA:0,(anonymous_0)
FNDA:0,(anonymous_1)
FNDA:0,(anonymous_2)
FNDA:0,(anonymous_3)
FNDA:0,(anonymous_4)
FNDA:0,(anonymous_5)
FNDA:0,(anonymous_6)
FNDA:0,(anonymous_7)
FNDA:0,(anonymous_8)
FNDA:0,(anonymous_9)
FNDA:0,(anonymous_10)
FNDA:0,(anonymous_11)
DA:17,0
DA:20,0
DA:21,0
DA:22,0
DA:23,0
DA:31,0
DA:32,0
DA:33,0
DA:35,0
DA:36,0
DA:42,0
DA:50,0
DA:63,0
DA:64,0
DA:65,0
DA:67,0
DA:68,0
DA:74,0
DA:82,0
DA:95,0
DA:96,0
DA:97,0
DA:99,0
DA:100,0
DA:106,0
DA:114,0
DA:127,0
DA:128,0
DA:129,0
DA:137,0
DA:139,0
DA:140,0
DA:146,0
DA:154,0
DA:167,0
DA:168,0
DA:169,0
DA:171,0
DA:172,0
DA:173,0
DA:175,0
DA:176,0
DA:182,0
DA:194,0
DA:197,0
DA:200,0
DA:201,0
DA:202,0
DA:203,0
DA:206,0
DA:207,0
DA:209,0
DA:211,0
DA:212,0
DA:214,0
DA:217,0
DA:224,0
DA:225,0
DA:226,0
DA:231,0
DA:234,0
DA:235,0
LF:62
LH:0
BRDA:21,0,0,0
BRDA:21,0,1,0
BRDA:22,1,0,0
BRDA:22,1,1,0
BRDA:22,2,0,0
BRDA:22,2,1,0
BRDA:35,3,0,0
BRDA:35,3,1,0
BRDA:35,4,0,0
BRDA:35,4,1,0
BRDA:67,5,0,0
BRDA:67,5,1,0
BRDA:67,6,0,0
BRDA:67,6,1,0
BRDA:99,7,0,0
BRDA:99,7,1,0
BRDA:99,8,0,0
BRDA:99,8,1,0
BRDA:99,8,2,0
BRDA:139,9,0,0
BRDA:139,9,1,0
BRDA:175,10,0,0
BRDA:175,10,1,0
BRDA:175,11,0,0
BRDA:175,11,1,0
BRDA:175,11,2,0
BRDA:211,12,0,0
BRDA:211,12,1,0
BRF:28
BRH:0
end_of_record
TN:
SF:src/utils/testStreamManagement.ts
FN:13,(anonymous_0)
FN:65,(anonymous_1)
FN:99,(anonymous_2)
FN:146,(anonymous_3)
FN:203,(anonymous_4)
FN:259,(anonymous_5)
FN:283,(anonymous_6)
FN:303,(anonymous_7)
FN:319,(anonymous_8)
FN:337,(anonymous_9)
FN:345,(anonymous_10)
FN:349,(anonymous_11)
FN:357,(anonymous_12)
FN:377,(anonymous_13)
FN:381,(anonymous_14)
FN:384,(anonymous_15)
FN:387,(anonymous_16)
FN:390,(anonymous_17)
FN:393,(anonymous_18)
FN:396,(anonymous_19)
FN:407,(anonymous_20)
FN:426,(anonymous_21)
FN:440,(anonymous_22)
FN:444,(anonymous_23)
FN:456,(anonymous_24)
FN:470,(anonymous_25)
FN:477,(anonymous_26)
FN:481,(anonymous_27)
FNF:28
FNH:0
FNDA:0,(anonymous_0)
FNDA:0,(anonymous_1)
FNDA:0,(anonymous_2)
FNDA:0,(anonymous_3)
FNDA:0,(anonymous_4)
FNDA:0,(anonymous_5)
FNDA:0,(anonymous_6)
FNDA:0,(anonymous_7)
FNDA:0,(anonymous_8)
FNDA:0,(anonymous_9)
FNDA:0,(anonymous_10)
FNDA:0,(anonymous_11)
FNDA:0,(anonymous_12)
FNDA:0,(anonymous_13)
FNDA:0,(anonymous_14)
FNDA:0,(anonymous_15)
FNDA:0,(anonymous_16)
FNDA:0,(anonymous_17)
FNDA:0,(anonymous_18)
FNDA:0,(anonymous_19)
FNDA:0,(anonymous_20)
FNDA:0,(anonymous_21)
FNDA:0,(anonymous_22)
FNDA:0,(anonymous_23)
FNDA:0,(anonymous_24)
FNDA:0,(anonymous_25)
FNDA:0,(anonymous_26)
FNDA:0,(anonymous_27)
DA:9,0
DA:14,0
DA:16,0
DA:18,0
DA:25,0
DA:28,0
DA:35,0
DA:38,0
DA:39,0
DA:42,0
DA:43,0
DA:46,0
DA:47,0
DA:50,0
DA:51,0
DA:52,0
DA:54,0
DA:58,0
DA:66,0
DA:68,0
DA:70,0
DA:78,0
DA:79,0
DA:81,0
DA:82,0
DA:84,0
DA:85,0
DA:89,0
DA:92,0
DA:100,0
DA:102,0
DA:104,0
DA:111,0
DA:112,0
DA:115,0
DA:116,0
DA:118,0
DA:119,0
DA:120,0
DA:123,0
DA:125,0
DA:126,0
DA:127,0
DA:129,0
DA:130,0
DA:132,0
DA:136,0
DA:139,0
DA:147,0
DA:149,0
DA:151,0
DA:158,0
DA:165,0
DA:168,0
DA:174,0
DA:177,0
DA:178,0
DA:181,0
DA:187,0
DA:190,0
DA:191,0
DA:193,0
DA:196,0
DA:204,0
DA:206,0
DA:208,0
DA:215,0
DA:218,0
DA:224,0
DA:227,0
DA:228,0
DA:231,0
DA:232,0
DA:234,0
DA:235,0
DA:236,0
DA:240,0
DA:241,0
DA:244,0
DA:245,0
DA:246,0
DA:248,0
DA:252,0
DA:260,0
DA:262,0
DA:264,0
DA:271,0
DA:274,0
DA:280,0
DA:283,0
DA:286,0
DA:287,0
DA:290,0
DA:292,0
DA:293,0
DA:296,0
DA:304,0
DA:306,0
DA:308,0
DA:315,0
DA:318,0
DA:319,0
DA:320,0
DA:323,0
DA:329,0
DA:332,0
DA:333,0
DA:336,0
DA:337,0
DA:338,0
DA:341,0
DA:342,0
DA:345,0
DA:348,0
DA:349,0
DA:350,0
DA:352,0
DA:353,0
DA:355,0
DA:357,0
DA:358,0
DA:359,0
DA:370,0
DA:378,0
DA:380,0
DA:381,0
DA:383,0
DA:384,0
DA:386,0
DA:387,0
DA:389,0
DA:390,0
DA:392,0
DA:393,0
DA:395,0
DA:396,0
DA:398,0
DA:400,0
DA:407,0
DA:408,0
DA:410,0
DA:412,0
DA:413,0
DA:416,0
DA:423,0
DA:426,0
DA:429,0
DA:430,0
DA:433,0
DA:434,0
DA:436,0
DA:439,0
DA:440,0
DA:443,0
DA:444,0
DA:446,0
DA:447,0
DA:449,0
DA:450,0
DA:451,0
DA:452,0
DA:453,0
DA:455,0
DA:456,0
DA:460,0
DA:465,0
DA:470,0
DA:471,0
DA:477,0
DA:481,0
LF:170
LH:0
BRDA:51,0,0,0
BRDA:51,0,1,0
BRDA:81,1,0,0
BRDA:81,1,1,0
BRDA:81,2,0,0
BRDA:81,2,1,0
BRDA:129,3,0,0
BRDA:129,3,1,0
BRDA:129,4,0,0
BRDA:129,4,1,0
BRDA:235,5,0,0
BRDA:235,5,1,0
BRDA:245,6,0,0
BRDA:245,6,1,0
BRDA:352,7,0,0
BRDA:352,7,1,0
BRDA:358,8,0,0
BRDA:358,8,1,0
BRDA:449,9,0,0
BRDA:449,9,1,0
BRDA:449,10,0,0
BRDA:449,10,1,0
BRDA:452,11,0,0
BRDA:452,11,1,0
BRF:24
BRH:0
end_of_record
TN:
SF:src/utils/testUnifiedSignupDesign.ts
FNF:0
FNH:0
DA:20,0
DA:157,0
DA:222,0
DA:278,0
LF:4
LH:0
BRF:0
BRH:0
end_of_record
TN:
SF:src/utils/userDataSanitizer.ts
FN:33,(anonymous_0)
FN:46,(anonymous_1)
FN:61,(anonymous_2)
FN:63,(anonymous_3)
FN:72,(anonymous_4)
FN:100,(anonymous_5)
FN:106,(anonymous_6)
FN:106,(anonymous_7)
FN:111,(anonymous_8)
FN:126,(anonymous_9)
FN:146,(anonymous_10)
FNF:11
FNH:0
FNDA:0,(anonymous_0)
FNDA:0,(anonymous_1)
FNDA:0,(anonymous_2)
FNDA:0,(anonymous_3)
FNDA:0,(anonymous_4)
FNDA:0,(anonymous_5)
FNDA:0,(anonymous_6)
FNDA:0,(anonymous_7)
FNDA:0,(anonymous_8)
FNDA:0,(anonymous_9)
FNDA:0,(anonymous_10)
DA:34,0
DA:46,0
DA:47,0
DA:48,0
DA:49,0
DA:50,0
DA:55,0
DA:62,0
DA:63,0
DA:66,0
DA:73,0
DA:75,0
DA:76,0
DA:79,0
DA:80,0
DA:83,0
DA:84,0
DA:87,0
DA:88,0
DA:91,0
DA:101,0
DA:102,0
DA:105,0
DA:106,0
DA:109,0
DA:110,0
DA:111,0
DA:112,0
DA:113,0
DA:114,0
DA:117,0
DA:120,0
DA:127,0
DA:129,0
DA:130,0
DA:133,0
DA:134,0
DA:135,0
DA:137,0
DA:140,0
DA:148,0
DA:151,0
DA:154,0
DA:157,0
DA:158,0
DA:159,0
DA:162,0
LF:47
LH:0
BRDA:36,0,0,0
BRDA:36,0,1,0
BRDA:37,1,0,0
BRDA:37,1,1,0
BRDA:38,2,0,0
BRDA:38,2,1,0
BRDA:39,3,0,0
BRDA:39,3,1,0
BRDA:40,4,0,0
BRDA:40,4,1,0
BRDA:47,5,0,0
BRDA:47,5,1,0
BRDA:49,6,0,0
BRDA:49,6,1,0
BRDA:49,7,0,0
BRDA:49,7,1,0
BRDA:62,8,0,0
BRDA:62,8,1,0
BRDA:62,8,2,0
BRDA:75,9,0,0
BRDA:75,9,1,0
BRDA:75,10,0,0
BRDA:75,10,1,0
BRDA:79,11,0,0
BRDA:79,11,1,0
BRDA:79,12,0,0
BRDA:79,12,1,0
BRDA:79,12,2,0
BRDA:79,12,3,0
BRDA:83,13,0,0
BRDA:83,13,1,0
BRDA:83,14,0,0
BRDA:83,14,1,0
BRDA:83,14,2,0
BRDA:87,15,0,0
BRDA:87,15,1,0
BRDA:87,16,0,0
BRDA:87,16,1,0
BRDA:87,16,2,0
BRDA:101,17,0,0
BRDA:101,17,1,0
BRDA:101,18,0,0
BRDA:101,18,1,0
BRDA:105,19,0,0
BRDA:105,19,1,0
BRDA:109,20,0,0
BRDA:109,20,1,0
BRDA:113,21,0,0
BRDA:113,21,1,0
BRDA:129,22,0,0
BRDA:129,22,1,0
BRDA:129,23,0,0
BRDA:129,23,1,0
BRDA:133,24,0,0
BRDA:133,24,1,0
BRDA:133,25,0,0
BRDA:133,25,1,0
BRDA:135,26,0,0
BRDA:135,26,1,0
BRDA:135,27,0,0
BRDA:135,27,1,0
BRDA:146,28,0,0
BRDA:158,29,0,0
BRDA:158,29,1,0
BRF:64
BRH:0
end_of_record
